
****** Vitis HLS - High-Level Synthesis from C, C++ and OpenCL v2023.2 (64-bit)
  **** SW Build 4023990 on Oct 11 2023
  **** IP Build 4028589 on Sat Oct 14 00:45:43 MDT 2023
  **** SharedData Build 4025554 on Tue Oct 10 17:18:54 MDT 2023
    ** Copyright 1986-2022 Xilinx, Inc. All Rights Reserved.
    ** Copyright 2022-2023 Advanced Micro Devices, Inc. All Rights Reserved.

source /tools/Xilinx/Vitis_HLS/2023.2/scripts/vitis_hls/hls.tcl -notrace
INFO: [HLS 200-10] Running '/tools/Xilinx/Vitis_HLS/2023.2/bin/unwrapped/lnx64.o/vitis_hls'
INFO: [HLS 200-10] For user 'user' on host 'RTX4090' (Linux_x86_64 version 6.8.0-52-generic) on Fri Apr 11 01:12:43 CST 2025
INFO: [HLS 200-10] On os Ubuntu 22.04.4 LTS
INFO: [HLS 200-10] In directory '/home/user/zedongpeng/workspace/Vitis-HLS-Introductory-Examples-flatten/original'
INFO: [HLS 200-2053] The vitis_hls executable is being deprecated. Consider using vitis-run --mode hls --tcl
Sourcing Tcl script 'run_hls.tcl'
INFO: [HLS 200-1510] Running: open_project -reset project 
INFO: [HLS 200-10] Creating and opening project '/home/user/zedongpeng/workspace/Vitis-HLS-Introductory-Examples-flatten/original/project'.
INFO: [HLS 200-1510] Running: set_top array_mem_bottleneck 
INFO: [HLS 200-1510] Running: add_files combined.cpp 
INFO: [HLS 200-10] Adding design file 'combined.cpp' to the project
INFO: [HLS 200-1510] Running: open_solution -reset solution1 
INFO: [HLS 200-10] Creating and opening solution '/home/user/zedongpeng/workspace/Vitis-HLS-Introductory-Examples-flatten/original/project/solution1'.
INFO: [HLS 200-10] Cleaning up the solution database.
INFO: [HLS 200-1505] Using default flow_target 'vivado'
Resolution: For help on HLS 200-1505 see docs.xilinx.com/access/sources/dita/topic?Doc_Version=2023.2%20English&url=ug1448-hls-guidance&resourceid=200-1505.html
INFO: [HLS 200-1510] Running: set_part xcu280-fsvh2892-2L-e 
INFO: [HLS 200-1611] Setting target device to 'xcu280-fsvh2892-2L-e'
INFO: [HLS 200-1510] Running: create_clock -period 10 
INFO: [SYN 201-201] Setting up clock 'default' with a period of 10ns.
INFO: [HLS 200-1510] Running: csynth_design 
INFO: [HLS 200-111] Finished File checks and directory preparation: CPU user time: 0.05 seconds. CPU system time: 0 seconds. Elapsed time: 0.1 seconds; current allocated memory: 226.242 MB.
INFO: [HLS 200-10] Analyzing design file 'combined.cpp' ... 
INFO: [HLS 200-111] Finished Source Code Analysis and Preprocessing: CPU user time: 4.4 seconds. CPU system time: 0.58 seconds. Elapsed time: 6.91 seconds; current allocated memory: 228.320 MB.
INFO: [HLS 200-777] Using interface defaults for 'Vivado' flow target.
INFO: [HLS 200-1995] There were 232 instructions in the design after the 'Compile/Link' phase of compilation. See the Design Size Report for more details: /home/user/zedongpeng/workspace/Vitis-HLS-Introductory-Examples-flatten/original/project/solution1/syn/report/csynth_design_size.rpt
INFO: [HLS 200-1995] There were 36 instructions in the design after the 'Unroll/Inline (step 1)' phase of compilation. See the Design Size Report for more details: /home/user/zedongpeng/workspace/Vitis-HLS-Introductory-Examples-flatten/original/project/solution1/syn/report/csynth_design_size.rpt
INFO: [HLS 200-1995] There were 34 instructions in the design after the 'Unroll/Inline (step 2)' phase of compilation. See the Design Size Report for more details: /home/user/zedongpeng/workspace/Vitis-HLS-Introductory-Examples-flatten/original/project/solution1/syn/report/csynth_design_size.rpt
INFO: [HLS 200-1995] There were 31 instructions in the design after the 'Unroll/Inline (step 3)' phase of compilation. See the Design Size Report for more details: /home/user/zedongpeng/workspace/Vitis-HLS-Introductory-Examples-flatten/original/project/solution1/syn/report/csynth_design_size.rpt
INFO: [HLS 200-1995] There were 31 instructions in the design after the 'Unroll/Inline (step 4)' phase of compilation. See the Design Size Report for more details: /home/user/zedongpeng/workspace/Vitis-HLS-Introductory-Examples-flatten/original/project/solution1/syn/report/csynth_design_size.rpt
INFO: [HLS 200-1995] There were 31 instructions in the design after the 'Array/Struct (step 1)' phase of compilation. See the Design Size Report for more details: /home/user/zedongpeng/workspace/Vitis-HLS-Introductory-Examples-flatten/original/project/solution1/syn/report/csynth_design_size.rpt
INFO: [HLS 200-1995] There were 31 instructions in the design after the 'Array/Struct (step 2)' phase of compilation. See the Design Size Report for more details: /home/user/zedongpeng/workspace/Vitis-HLS-Introductory-Examples-flatten/original/project/solution1/syn/report/csynth_design_size.rpt
INFO: [HLS 200-1995] There were 31 instructions in the design after the 'Array/Struct (step 3)' phase of compilation. See the Design Size Report for more details: /home/user/zedongpeng/workspace/Vitis-HLS-Introductory-Examples-flatten/original/project/solution1/syn/report/csynth_design_size.rpt
INFO: [HLS 200-1995] There were 31 instructions in the design after the 'Array/Struct (step 4)' phase of compilation. See the Design Size Report for more details: /home/user/zedongpeng/workspace/Vitis-HLS-Introductory-Examples-flatten/original/project/solution1/syn/report/csynth_design_size.rpt
INFO: [HLS 200-1995] There were 32 instructions in the design after the 'Array/Struct (step 5)' phase of compilation. See the Design Size Report for more details: /home/user/zedongpeng/workspace/Vitis-HLS-Introductory-Examples-flatten/original/project/solution1/syn/report/csynth_design_size.rpt
INFO: [HLS 200-1995] There were 31 instructions in the design after the 'Performance (step 1)' phase of compilation. See the Design Size Report for more details: /home/user/zedongpeng/workspace/Vitis-HLS-Introductory-Examples-flatten/original/project/solution1/syn/report/csynth_design_size.rpt
INFO: [HLS 200-1995] There were 31 instructions in the design after the 'Performance (step 2)' phase of compilation. See the Design Size Report for more details: /home/user/zedongpeng/workspace/Vitis-HLS-Introductory-Examples-flatten/original/project/solution1/syn/report/csynth_design_size.rpt
INFO: [HLS 200-1995] There were 31 instructions in the design after the 'Performance (step 3)' phase of compilation. See the Design Size Report for more details: /home/user/zedongpeng/workspace/Vitis-HLS-Introductory-Examples-flatten/original/project/solution1/syn/report/csynth_design_size.rpt
INFO: [HLS 200-1995] There were 31 instructions in the design after the 'Performance (step 4)' phase of compilation. See the Design Size Report for more details: /home/user/zedongpeng/workspace/Vitis-HLS-Introductory-Examples-flatten/original/project/solution1/syn/report/csynth_design_size.rpt
INFO: [HLS 200-1995] There were 34 instructions in the design after the 'HW Transforms (step 1)' phase of compilation. See the Design Size Report for more details: /home/user/zedongpeng/workspace/Vitis-HLS-Introductory-Examples-flatten/original/project/solution1/syn/report/csynth_design_size.rpt
INFO: [HLS 200-1995] There were 37 instructions in the design after the 'HW Transforms (step 2)' phase of compilation. See the Design Size Report for more details: /home/user/zedongpeng/workspace/Vitis-HLS-Introductory-Examples-flatten/original/project/solution1/syn/report/csynth_design_size.rpt
INFO: [HLS 214-376] automatically set the pipeline for Loop< SUM_LOOP> at combined.cpp:58:5 
INFO: [HLS 200-111] Finished Compiling Optimization and Transform: CPU user time: 3.48 seconds. CPU system time: 0.37 seconds. Elapsed time: 8.75 seconds; current allocated memory: 230.051 MB.
INFO: [HLS 200-111] Finished Checking Pragmas: CPU user time: 0 seconds. CPU system time: 0 seconds. Elapsed time: 0 seconds; current allocated memory: 230.051 MB.
INFO: [HLS 200-10] Starting code transformations ...
INFO: [HLS 200-111] Finished Standard Transforms: CPU user time: 0.01 seconds. CPU system time: 0 seconds. Elapsed time: 0.02 seconds; current allocated memory: 230.305 MB.
INFO: [HLS 200-10] Checking synthesizability ...
INFO: [HLS 200-111] Finished Checking Synthesizability: CPU user time: 0.01 seconds. CPU system time: 0 seconds. Elapsed time: 0.01 seconds; current allocated memory: 231.098 MB.
INFO: [HLS 200-111] Finished Loop, function and other optimizations: CPU user time: 0.03 seconds. CPU system time: 0.01 seconds. Elapsed time: 0.04 seconds; current allocated memory: 253.875 MB.
INFO: [HLS 200-111] Finished Architecture Synthesis: CPU user time: 0.01 seconds. CPU system time: 0 seconds. Elapsed time: 0.02 seconds; current allocated memory: 246.000 MB.
INFO: [HLS 200-10] Starting hardware synthesis ...
INFO: [HLS 200-10] Synthesizing 'array_mem_bottleneck' ...
INFO: [HLS 200-10] ----------------------------------------------------------------
INFO: [HLS 200-42] -- Implementing module 'array_mem_bottleneck' 
INFO: [HLS 200-10] ----------------------------------------------------------------
INFO: [SCHED 204-11] Starting scheduling ...
INFO: [SCHED 204-61] Pipelining loop 'SUM_LOOP'.
WARNING: [HLS 200-885] The II Violation in module 'array_mem_bottleneck' (loop 'SUM_LOOP'): Unable to schedule 'load' operation 7 bit ('mem_load_1', combined.cpp:59) on array 'mem' due to limited memory ports (II = 1). Please consider using a memory core with more ports or partitioning the array 'mem'.
Resolution: For help on HLS 200-885 see docs.xilinx.com/access/sources/dita/topic?Doc_Version=2023.2%20English&url=ug1448-hls-guidance&resourceid=200-885.html
INFO: [HLS 200-1470] Pipelining result : Target II = NA, Final II = 2, Depth = 3, loop 'SUM_LOOP'
INFO: [SCHED 204-11] Finished scheduling.
INFO: [HLS 200-111] Finished Scheduling: CPU user time: 0.04 seconds. CPU system time: 0.02 seconds. Elapsed time: 0.14 seconds; current allocated memory: 246.348 MB.
INFO: [BIND 205-100] Starting micro-architecture generation ...
INFO: [BIND 205-101] Performing variable lifetime analysis.
INFO: [BIND 205-101] Exploring resource sharing.
INFO: [BIND 205-101] Binding ...
INFO: [BIND 205-100] Finished micro-architecture generation.
INFO: [HLS 200-111] Finished Binding: CPU user time: 0.01 seconds. CPU system time: 0 seconds. Elapsed time: 0.03 seconds; current allocated memory: 246.348 MB.
INFO: [HLS 200-10] ----------------------------------------------------------------
INFO: [HLS 200-10] -- Generating RTL for module 'array_mem_bottleneck' 
INFO: [HLS 200-10] ----------------------------------------------------------------
INFO: [RTGEN 206-500] Setting interface mode on port 'array_mem_bottleneck/mem' to 'ap_memory'.
INFO: [RTGEN 206-500] Setting interface mode on function 'array_mem_bottleneck' to 'ap_ctrl_hs'.
INFO: [HLS 200-1030] Apply Unified Pipeline Control on module 'array_mem_bottleneck' pipeline 'SUM_LOOP' pipeline type 'loop pipeline'
INFO: [RTGEN 206-100] Finished creating RTL model for 'array_mem_bottleneck'.
INFO: [HLS 200-111] Finished Creating RTL model: CPU user time: 0.02 seconds. CPU system time: 0.01 seconds. Elapsed time: 0.05 seconds; current allocated memory: 246.348 MB.
INFO: [HLS 200-111] Finished Generating all RTL models: CPU user time: 0.15 seconds. CPU system time: 0.01 seconds. Elapsed time: 0.3 seconds; current allocated memory: 249.664 MB.
INFO: [HLS 200-111] Finished Updating report files: CPU user time: 0.16 seconds. CPU system time: 0.02 seconds. Elapsed time: 0.2 seconds; current allocated memory: 251.395 MB.
INFO: [VHDL 208-304] Generating VHDL RTL for array_mem_bottleneck.
INFO: [VLOG 209-307] Generating Verilog RTL for array_mem_bottleneck.
INFO: [HLS 200-790] **** Loop Constraint Status: All loop constraints were NOT satisfied.
INFO: [HLS 200-789] **** Estimated Fmax: 419.11 MHz
INFO: [HLS 200-111] Finished Command csynth_design CPU user time: 8.38 seconds. CPU system time: 1.03 seconds. Elapsed time: 16.58 seconds; current allocated memory: 25.254 MB.
INFO: [HLS 200-1510] Running: close_solution 
INFO: [HLS 200-112] Total CPU user time: 9.48 seconds. Total CPU system time: 1.17 seconds. Total elapsed time: 18.32 seconds; peak allocated memory: 253.875 MB.
INFO: [Common 17-206] Exiting vitis_hls at Fri Apr 11 01:13:01 2025...
