==============================================================
Vitis HLS - High-Level Synthesis from C, C++ and OpenCL v2023.2 (64-bit)
Tool Version Limit: 2023.10
Copyright 1986-2022 Xilinx, Inc. All Rights Reserved.
Copyright 2022-2023 Advanced Micro Devices, Inc. All Rights Reserved.

==============================================================
INFO: [HLS 200-1505] Using flow_target 'vivado'
INFO: [HLS 200-1510] Running: set_part xcu280-fsvh2892-2L-e 
INFO: [HLS 200-1611] Setting target device to 'xcu280-fsvh2892-2L-e'
INFO: [HLS 200-1510] Running: create_clock -period 10 
INFO: [SYN 201-201] Setting up clock 'default' with a period of 10ns.
INFO: [HLS 200-1510] Running: csim_design 
WARNING: [HLS 200-1998] cannot find relative file path '../../fft_tb.cpp' in directory(s): /home/user/zedongpeng/workspace/Vitis-HLS-Introductory-Examples-flatten/interface_stream/proj_intf_stream/solution /home/user/zedongpeng/workspace/Vitis-HLS-Introductory-Examples-flatten/interface_stream
WARNING: [HLS 200-1998] cannot find relative file path '../../data/stimulus_00.dat' in directory(s): /home/user/zedongpeng/workspace/Vitis-HLS-Introductory-Examples-flatten/interface_stream/proj_intf_stream/solution /home/user/zedongpeng/workspace/Vitis-HLS-Introductory-Examples-flatten/interface_stream
WARNING: [HLS 200-1998] cannot find relative file path '../../data/stimulus_01.dat' in directory(s): /home/user/zedongpeng/workspace/Vitis-HLS-Introductory-Examples-flatten/interface_stream/proj_intf_stream/solution /home/user/zedongpeng/workspace/Vitis-HLS-Introductory-Examples-flatten/interface_stream
WARNING: [HLS 200-1998] cannot find relative file path '../../data/stimulus_02.dat' in directory(s): /home/user/zedongpeng/workspace/Vitis-HLS-Introductory-Examples-flatten/interface_stream/proj_intf_stream/solution /home/user/zedongpeng/workspace/Vitis-HLS-Introductory-Examples-flatten/interface_stream
WARNING: [HLS 200-1998] cannot find relative file path '../../data/stimulus_03.dat' in directory(s): /home/user/zedongpeng/workspace/Vitis-HLS-Introductory-Examples-flatten/interface_stream/proj_intf_stream/solution /home/user/zedongpeng/workspace/Vitis-HLS-Introductory-Examples-flatten/interface_stream
WARNING: [HLS 200-1998] cannot find relative file path '../../data/stimulus_04.dat' in directory(s): /home/user/zedongpeng/workspace/Vitis-HLS-Introductory-Examples-flatten/interface_stream/proj_intf_stream/solution /home/user/zedongpeng/workspace/Vitis-HLS-Introductory-Examples-flatten/interface_stream
WARNING: [HLS 200-1998] cannot find relative file path '../../data/stimulus_05.dat' in directory(s): /home/user/zedongpeng/workspace/Vitis-HLS-Introductory-Examples-flatten/interface_stream/proj_intf_stream/solution /home/user/zedongpeng/workspace/Vitis-HLS-Introductory-Examples-flatten/interface_stream
WARNING: [HLS 200-1998] cannot find relative file path '../../data/stimulus_06.dat' in directory(s): /home/user/zedongpeng/workspace/Vitis-HLS-Introductory-Examples-flatten/interface_stream/proj_intf_stream/solution /home/user/zedongpeng/workspace/Vitis-HLS-Introductory-Examples-flatten/interface_stream
WARNING: [HLS 200-1998] cannot find relative file path '../../data/stimulus_07.dat' in directory(s): /home/user/zedongpeng/workspace/Vitis-HLS-Introductory-Examples-flatten/interface_stream/proj_intf_stream/solution /home/user/zedongpeng/workspace/Vitis-HLS-Introductory-Examples-flatten/interface_stream
WARNING: [HLS 200-1998] cannot find relative file path '../../data/stimulus_08.dat' in directory(s): /home/user/zedongpeng/workspace/Vitis-HLS-Introductory-Examples-flatten/interface_stream/proj_intf_stream/solution /home/user/zedongpeng/workspace/Vitis-HLS-Introductory-Examples-flatten/interface_stream
WARNING: [HLS 200-1998] cannot find relative file path '../../data/stimulus_09.dat' in directory(s): /home/user/zedongpeng/workspace/Vitis-HLS-Introductory-Examples-flatten/interface_stream/proj_intf_stream/solution /home/user/zedongpeng/workspace/Vitis-HLS-Introductory-Examples-flatten/interface_stream
WARNING: [HLS 200-1998] cannot find relative file path '../../data/stimulus_10.dat' in directory(s): /home/user/zedongpeng/workspace/Vitis-HLS-Introductory-Examples-flatten/interface_stream/proj_intf_stream/solution /home/user/zedongpeng/workspace/Vitis-HLS-Introductory-Examples-flatten/interface_stream
WARNING: [HLS 200-1998] cannot find relative file path '../../data/stimulus_11.dat' in directory(s): /home/user/zedongpeng/workspace/Vitis-HLS-Introductory-Examples-flatten/interface_stream/proj_intf_stream/solution /home/user/zedongpeng/workspace/Vitis-HLS-Introductory-Examples-flatten/interface_stream
WARNING: [HLS 200-1998] cannot find relative file path '../../data/stimulus_12.dat' in directory(s): /home/user/zedongpeng/workspace/Vitis-HLS-Introductory-Examples-flatten/interface_stream/proj_intf_stream/solution /home/user/zedongpeng/workspace/Vitis-HLS-Introductory-Examples-flatten/interface_stream
WARNING: [HLS 200-1998] cannot find relative file path '../../data/stimulus_13.dat' in directory(s): /home/user/zedongpeng/workspace/Vitis-HLS-Introductory-Examples-flatten/interface_stream/proj_intf_stream/solution /home/user/zedongpeng/workspace/Vitis-HLS-Introductory-Examples-flatten/interface_stream
WARNING: [HLS 200-1998] cannot find relative file path '../../data/stimulus_14.dat' in directory(s): /home/user/zedongpeng/workspace/Vitis-HLS-Introductory-Examples-flatten/interface_stream/proj_intf_stream/solution /home/user/zedongpeng/workspace/Vitis-HLS-Introductory-Examples-flatten/interface_stream
WARNING: [HLS 200-1998] cannot find relative file path '../../data/stimulus_15.dat' in directory(s): /home/user/zedongpeng/workspace/Vitis-HLS-Introductory-Examples-flatten/interface_stream/proj_intf_stream/solution /home/user/zedongpeng/workspace/Vitis-HLS-Introductory-Examples-flatten/interface_stream
WARNING: [HLS 200-1998] cannot find relative file path '../../data/stimulus_16.dat' in directory(s): /home/user/zedongpeng/workspace/Vitis-HLS-Introductory-Examples-flatten/interface_stream/proj_intf_stream/solution /home/user/zedongpeng/workspace/Vitis-HLS-Introductory-Examples-flatten/interface_stream
WARNING: [HLS 200-1998] cannot find relative file path '../../data/stimulus_17.dat' in directory(s): /home/user/zedongpeng/workspace/Vitis-HLS-Introductory-Examples-flatten/interface_stream/proj_intf_stream/solution /home/user/zedongpeng/workspace/Vitis-HLS-Introductory-Examples-flatten/interface_stream
WARNING: [HLS 200-1998] cannot find relative file path '../../data/stimulus_18.dat' in directory(s): /home/user/zedongpeng/workspace/Vitis-HLS-Introductory-Examples-flatten/interface_stream/proj_intf_stream/solution /home/user/zedongpeng/workspace/Vitis-HLS-Introductory-Examples-flatten/interface_stream
WARNING: [HLS 200-1998] cannot find relative file path '../../data/stimulus_19.dat' in directory(s): /home/user/zedongpeng/workspace/Vitis-HLS-Introductory-Examples-flatten/interface_stream/proj_intf_stream/solution /home/user/zedongpeng/workspace/Vitis-HLS-Introductory-Examples-flatten/interface_stream
WARNING: [HLS 200-1998] cannot find relative file path '../../data/stimulus_00.res' in directory(s): /home/user/zedongpeng/workspace/Vitis-HLS-Introductory-Examples-flatten/interface_stream/proj_intf_stream/solution /home/user/zedongpeng/workspace/Vitis-HLS-Introductory-Examples-flatten/interface_stream
WARNING: [HLS 200-1998] cannot find relative file path '../../data/stimulus_01.res' in directory(s): /home/user/zedongpeng/workspace/Vitis-HLS-Introductory-Examples-flatten/interface_stream/proj_intf_stream/solution /home/user/zedongpeng/workspace/Vitis-HLS-Introductory-Examples-flatten/interface_stream
WARNING: [HLS 200-1998] cannot find relative file path '../../data/stimulus_02.res' in directory(s): /home/user/zedongpeng/workspace/Vitis-HLS-Introductory-Examples-flatten/interface_stream/proj_intf_stream/solution /home/user/zedongpeng/workspace/Vitis-HLS-Introductory-Examples-flatten/interface_stream
WARNING: [HLS 200-1998] cannot find relative file path '../../data/stimulus_03.res' in directory(s): /home/user/zedongpeng/workspace/Vitis-HLS-Introductory-Examples-flatten/interface_stream/proj_intf_stream/solution /home/user/zedongpeng/workspace/Vitis-HLS-Introductory-Examples-flatten/interface_stream
WARNING: [HLS 200-1998] cannot find relative file path '../../data/stimulus_04.res' in directory(s): /home/user/zedongpeng/workspace/Vitis-HLS-Introductory-Examples-flatten/interface_stream/proj_intf_stream/solution /home/user/zedongpeng/workspace/Vitis-HLS-Introductory-Examples-flatten/interface_stream
WARNING: [HLS 200-1998] cannot find relative file path '../../data/stimulus_05.res' in directory(s): /home/user/zedongpeng/workspace/Vitis-HLS-Introductory-Examples-flatten/interface_stream/proj_intf_stream/solution /home/user/zedongpeng/workspace/Vitis-HLS-Introductory-Examples-flatten/interface_stream
WARNING: [HLS 200-1998] cannot find relative file path '../../data/stimulus_06.res' in directory(s): /home/user/zedongpeng/workspace/Vitis-HLS-Introductory-Examples-flatten/interface_stream/proj_intf_stream/solution /home/user/zedongpeng/workspace/Vitis-HLS-Introductory-Examples-flatten/interface_stream
WARNING: [HLS 200-1998] cannot find relative file path '../../data/stimulus_07.res' in directory(s): /home/user/zedongpeng/workspace/Vitis-HLS-Introductory-Examples-flatten/interface_stream/proj_intf_stream/solution /home/user/zedongpeng/workspace/Vitis-HLS-Introductory-Examples-flatten/interface_stream
WARNING: [HLS 200-1998] cannot find relative file path '../../data/stimulus_08.res' in directory(s): /home/user/zedongpeng/workspace/Vitis-HLS-Introductory-Examples-flatten/interface_stream/proj_intf_stream/solution /home/user/zedongpeng/workspace/Vitis-HLS-Introductory-Examples-flatten/interface_stream
WARNING: [HLS 200-1998] cannot find relative file path '../../data/stimulus_09.res' in directory(s): /home/user/zedongpeng/workspace/Vitis-HLS-Introductory-Examples-flatten/interface_stream/proj_intf_stream/solution /home/user/zedongpeng/workspace/Vitis-HLS-Introductory-Examples-flatten/interface_stream
WARNING: [HLS 200-1998] cannot find relative file path '../../data/stimulus_10.res' in directory(s): /home/user/zedongpeng/workspace/Vitis-HLS-Introductory-Examples-flatten/interface_stream/proj_intf_stream/solution /home/user/zedongpeng/workspace/Vitis-HLS-Introductory-Examples-flatten/interface_stream
WARNING: [HLS 200-1998] cannot find relative file path '../../data/stimulus_11.res' in directory(s): /home/user/zedongpeng/workspace/Vitis-HLS-Introductory-Examples-flatten/interface_stream/proj_intf_stream/solution /home/user/zedongpeng/workspace/Vitis-HLS-Introductory-Examples-flatten/interface_stream
WARNING: [HLS 200-1998] cannot find relative file path '../../data/stimulus_12.res' in directory(s): /home/user/zedongpeng/workspace/Vitis-HLS-Introductory-Examples-flatten/interface_stream/proj_intf_stream/solution /home/user/zedongpeng/workspace/Vitis-HLS-Introductory-Examples-flatten/interface_stream
WARNING: [HLS 200-1998] cannot find relative file path '../../data/stimulus_13.res' in directory(s): /home/user/zedongpeng/workspace/Vitis-HLS-Introductory-Examples-flatten/interface_stream/proj_intf_stream/solution /home/user/zedongpeng/workspace/Vitis-HLS-Introductory-Examples-flatten/interface_stream
WARNING: [HLS 200-1998] cannot find relative file path '../../data/stimulus_14.res' in directory(s): /home/user/zedongpeng/workspace/Vitis-HLS-Introductory-Examples-flatten/interface_stream/proj_intf_stream/solution /home/user/zedongpeng/workspace/Vitis-HLS-Introductory-Examples-flatten/interface_stream
WARNING: [HLS 200-1998] cannot find relative file path '../../data/stimulus_15.res' in directory(s): /home/user/zedongpeng/workspace/Vitis-HLS-Introductory-Examples-flatten/interface_stream/proj_intf_stream/solution /home/user/zedongpeng/workspace/Vitis-HLS-Introductory-Examples-flatten/interface_stream
WARNING: [HLS 200-1998] cannot find relative file path '../../data/stimulus_16.res' in directory(s): /home/user/zedongpeng/workspace/Vitis-HLS-Introductory-Examples-flatten/interface_stream/proj_intf_stream/solution /home/user/zedongpeng/workspace/Vitis-HLS-Introductory-Examples-flatten/interface_stream
WARNING: [HLS 200-1998] cannot find relative file path '../../data/stimulus_17.res' in directory(s): /home/user/zedongpeng/workspace/Vitis-HLS-Introductory-Examples-flatten/interface_stream/proj_intf_stream/solution /home/user/zedongpeng/workspace/Vitis-HLS-Introductory-Examples-flatten/interface_stream
WARNING: [HLS 200-1998] cannot find relative file path '../../data/stimulus_18.res' in directory(s): /home/user/zedongpeng/workspace/Vitis-HLS-Introductory-Examples-flatten/interface_stream/proj_intf_stream/solution /home/user/zedongpeng/workspace/Vitis-HLS-Introductory-Examples-flatten/interface_stream
WARNING: [HLS 200-1998] cannot find relative file path '../../data/stimulus_19.res' in directory(s): /home/user/zedongpeng/workspace/Vitis-HLS-Introductory-Examples-flatten/interface_stream/proj_intf_stream/solution /home/user/zedongpeng/workspace/Vitis-HLS-Introductory-Examples-flatten/interface_stream
INFO: [SIM 211-2] *************** CSIM start ***************
INFO: [SIM 211-4] CSIM will launch GCC as the compiler.
ERROR: [HLS 200-627] Cannot find C test bench. Please specify test bench files using 'add_files -tb'.
ERROR: [SIM 211-100] CSim failed with errors.
INFO: [SIM 211-3] *************** CSIM finish ***************
INFO: [HLS 200-111] Finished Command csim_design CPU user time: 0.07 seconds. CPU system time: 0.01 seconds. Elapsed time: 0.1 seconds; current allocated memory: 0.234 MB.
