
****** Vitis HLS - High-Level Synthesis from C, C++ and OpenCL v2023.2 (64-bit)
  **** SW Build 4023990 on Oct 11 2023
  **** IP Build 4028589 on Sat Oct 14 00:45:43 MDT 2023
  **** SharedData Build 4025554 on Tue Oct 10 17:18:54 MDT 2023
    ** Copyright 1986-2022 Xilinx, Inc. All Rights Reserved.
    ** Copyright 2022-2023 Advanced Micro Devices, Inc. All Rights Reserved.

source /tools/Xilinx/Vitis_HLS/2023.2/scripts/vitis_hls/hls.tcl -notrace
INFO: [HLS 200-10] Running '/tools/Xilinx/Vitis_HLS/2023.2/bin/unwrapped/lnx64.o/vitis_hls'
INFO: [HLS 200-10] For user 'user' on host 'RTX4090' (Linux_x86_64 version 6.8.0-52-generic) on Fri Apr 11 01:12:44 CST 2025
INFO: [HLS 200-10] On os Ubuntu 22.04.4 LTS
INFO: [HLS 200-10] In directory '/home/user/zedongpeng/workspace/Vitis-HLS-Introductory-Examples-flatten/function_instantiate'
INFO: [HLS 200-2053] The vitis_hls executable is being deprecated. Consider using vitis-run --mode hls --tcl
Sourcing Tcl script 'run_hls.tcl'
INFO: [HLS 200-1510] Running: open_project -reset project 
INFO: [HLS 200-10] Creating and opening project '/home/user/zedongpeng/workspace/Vitis-HLS-Introductory-Examples-flatten/function_instantiate/project'.
INFO: [HLS 200-1510] Running: set_top top 
INFO: [HLS 200-1510] Running: add_files combined.cpp 
INFO: [HLS 200-10] Adding design file 'combined.cpp' to the project
INFO: [HLS 200-1510] Running: open_solution -reset solution1 
INFO: [HLS 200-10] Creating and opening solution '/home/user/zedongpeng/workspace/Vitis-HLS-Introductory-Examples-flatten/function_instantiate/project/solution1'.
INFO: [HLS 200-10] Cleaning up the solution database.
INFO: [HLS 200-1505] Using default flow_target 'vivado'
Resolution: For help on HLS 200-1505 see docs.xilinx.com/access/sources/dita/topic?Doc_Version=2023.2%20English&url=ug1448-hls-guidance&resourceid=200-1505.html
INFO: [HLS 200-1510] Running: set_part xcu280-fsvh2892-2L-e 
INFO: [HLS 200-1611] Setting target device to 'xcu280-fsvh2892-2L-e'
INFO: [HLS 200-1510] Running: create_clock -period 10 
INFO: [SYN 201-201] Setting up clock 'default' with a period of 10ns.
INFO: [HLS 200-1510] Running: csynth_design 
INFO: [HLS 200-111] Finished File checks and directory preparation: CPU user time: 0.04 seconds. CPU system time: 0.01 seconds. Elapsed time: 0.04 seconds; current allocated memory: 226.227 MB.
INFO: [HLS 200-10] Analyzing design file 'combined.cpp' ... 
INFO: [HLS 200-111] Finished Source Code Analysis and Preprocessing: CPU user time: 0.21 seconds. CPU system time: 0.24 seconds. Elapsed time: 0.86 seconds; current allocated memory: 227.848 MB.
INFO: [HLS 200-777] Using interface defaults for 'Vivado' flow target.
INFO: [HLS 200-1995] There were 25 instructions in the design after the 'Compile/Link' phase of compilation. See the Design Size Report for more details: /home/user/zedongpeng/workspace/Vitis-HLS-Introductory-Examples-flatten/function_instantiate/project/solution1/syn/report/csynth_design_size.rpt
INFO: [HLS 200-1995] There were 25 instructions in the design after the 'Unroll/Inline (step 1)' phase of compilation. See the Design Size Report for more details: /home/user/zedongpeng/workspace/Vitis-HLS-Introductory-Examples-flatten/function_instantiate/project/solution1/syn/report/csynth_design_size.rpt
INFO: [HLS 200-1995] There were 25 instructions in the design after the 'Unroll/Inline (step 2)' phase of compilation. See the Design Size Report for more details: /home/user/zedongpeng/workspace/Vitis-HLS-Introductory-Examples-flatten/function_instantiate/project/solution1/syn/report/csynth_design_size.rpt
INFO: [HLS 200-1995] There were 16 instructions in the design after the 'Unroll/Inline (step 3)' phase of compilation. See the Design Size Report for more details: /home/user/zedongpeng/workspace/Vitis-HLS-Introductory-Examples-flatten/function_instantiate/project/solution1/syn/report/csynth_design_size.rpt
INFO: [HLS 200-1995] There were 16 instructions in the design after the 'Unroll/Inline (step 4)' phase of compilation. See the Design Size Report for more details: /home/user/zedongpeng/workspace/Vitis-HLS-Introductory-Examples-flatten/function_instantiate/project/solution1/syn/report/csynth_design_size.rpt
INFO: [HLS 200-1995] There were 16 instructions in the design after the 'Array/Struct (step 1)' phase of compilation. See the Design Size Report for more details: /home/user/zedongpeng/workspace/Vitis-HLS-Introductory-Examples-flatten/function_instantiate/project/solution1/syn/report/csynth_design_size.rpt
INFO: [HLS 200-1995] There were 16 instructions in the design after the 'Array/Struct (step 2)' phase of compilation. See the Design Size Report for more details: /home/user/zedongpeng/workspace/Vitis-HLS-Introductory-Examples-flatten/function_instantiate/project/solution1/syn/report/csynth_design_size.rpt
INFO: [HLS 200-1995] There were 16 instructions in the design after the 'Array/Struct (step 3)' phase of compilation. See the Design Size Report for more details: /home/user/zedongpeng/workspace/Vitis-HLS-Introductory-Examples-flatten/function_instantiate/project/solution1/syn/report/csynth_design_size.rpt
INFO: [HLS 200-1995] There were 16 instructions in the design after the 'Array/Struct (step 4)' phase of compilation. See the Design Size Report for more details: /home/user/zedongpeng/workspace/Vitis-HLS-Introductory-Examples-flatten/function_instantiate/project/solution1/syn/report/csynth_design_size.rpt
INFO: [HLS 200-1995] There were 16 instructions in the design after the 'Array/Struct (step 5)' phase of compilation. See the Design Size Report for more details: /home/user/zedongpeng/workspace/Vitis-HLS-Introductory-Examples-flatten/function_instantiate/project/solution1/syn/report/csynth_design_size.rpt
INFO: [HLS 200-1995] There were 16 instructions in the design after the 'Performance (step 1)' phase of compilation. See the Design Size Report for more details: /home/user/zedongpeng/workspace/Vitis-HLS-Introductory-Examples-flatten/function_instantiate/project/solution1/syn/report/csynth_design_size.rpt
INFO: [HLS 200-1995] There were 16 instructions in the design after the 'Performance (step 2)' phase of compilation. See the Design Size Report for more details: /home/user/zedongpeng/workspace/Vitis-HLS-Introductory-Examples-flatten/function_instantiate/project/solution1/syn/report/csynth_design_size.rpt
INFO: [HLS 200-1995] There were 16 instructions in the design after the 'Performance (step 3)' phase of compilation. See the Design Size Report for more details: /home/user/zedongpeng/workspace/Vitis-HLS-Introductory-Examples-flatten/function_instantiate/project/solution1/syn/report/csynth_design_size.rpt
INFO: [HLS 200-1995] There were 16 instructions in the design after the 'Performance (step 4)' phase of compilation. See the Design Size Report for more details: /home/user/zedongpeng/workspace/Vitis-HLS-Introductory-Examples-flatten/function_instantiate/project/solution1/syn/report/csynth_design_size.rpt
INFO: [HLS 200-1995] There were 28 instructions in the design after the 'HW Transforms (step 1)' phase of compilation. See the Design Size Report for more details: /home/user/zedongpeng/workspace/Vitis-HLS-Introductory-Examples-flatten/function_instantiate/project/solution1/syn/report/csynth_design_size.rpt
INFO: [HLS 200-1995] There were 29 instructions in the design after the 'HW Transforms (step 2)' phase of compilation. See the Design Size Report for more details: /home/user/zedongpeng/workspace/Vitis-HLS-Introductory-Examples-flatten/function_instantiate/project/solution1/syn/report/csynth_design_size.rpt
INFO: [HLS 214-367] Instantiating function 'foo(char, char)' to 'foo(char, char) (.1)' by setting 'incr' to '100' (combined.cpp:28:16)
INFO: [HLS 214-367] Instantiating function 'foo(char, char)' to 'foo(char, char) (.2)' by setting 'incr' to '1' (combined.cpp:27:16)
INFO: [HLS 214-367] Instantiating function 'foo(char, char)' to 'foo(char, char) (.3)' by setting 'incr' to '0' (combined.cpp:26:16)
INFO: [HLS 200-111] Finished Compiling Optimization and Transform: CPU user time: 3.4 seconds. CPU system time: 0.38 seconds. Elapsed time: 10.19 seconds; current allocated memory: 229.852 MB.
INFO: [HLS 200-111] Finished Checking Pragmas: CPU user time: 0 seconds. CPU system time: 0 seconds. Elapsed time: 0 seconds; current allocated memory: 229.852 MB.
INFO: [HLS 200-10] Starting code transformations ...
INFO: [HLS 200-111] Finished Standard Transforms: CPU user time: 0 seconds. CPU system time: 0 seconds. Elapsed time: 0.01 seconds; current allocated memory: 229.852 MB.
INFO: [HLS 200-10] Checking synthesizability ...
INFO: [HLS 200-111] Finished Checking Synthesizability: CPU user time: 0 seconds. CPU system time: 0 seconds. Elapsed time: 0 seconds; current allocated memory: 230.105 MB.
INFO: [HLS 200-111] Finished Loop, function and other optimizations: CPU user time: 0.01 seconds. CPU system time: 0.01 seconds. Elapsed time: 0.01 seconds; current allocated memory: 250.102 MB.
INFO: [HLS 200-111] Finished Architecture Synthesis: CPU user time: 0.01 seconds. CPU system time: 0 seconds. Elapsed time: 0 seconds; current allocated memory: 259.602 MB.
INFO: [HLS 200-10] Starting hardware synthesis ...
INFO: [HLS 200-10] Synthesizing 'top' ...
WARNING: [SYN 201-103] Legalizing function name 'foo.1' to 'foo_1'.
INFO: [HLS 200-10] ----------------------------------------------------------------
INFO: [HLS 200-42] -- Implementing module 'foo_1' 
INFO: [HLS 200-10] ----------------------------------------------------------------
INFO: [SCHED 204-11] Starting scheduling ...
INFO: [SCHED 204-11] Finished scheduling.
INFO: [HLS 200-111] Finished Scheduling: CPU user time: 0.01 seconds. CPU system time: 0.01 seconds. Elapsed time: 0.02 seconds; current allocated memory: 259.836 MB.
INFO: [BIND 205-100] Starting micro-architecture generation ...
INFO: [BIND 205-101] Performing variable lifetime analysis.
INFO: [BIND 205-101] Exploring resource sharing.
INFO: [BIND 205-101] Binding ...
INFO: [BIND 205-100] Finished micro-architecture generation.
INFO: [HLS 200-111] Finished Binding: CPU user time: 0 seconds. CPU system time: 0 seconds. Elapsed time: 0 seconds; current allocated memory: 259.883 MB.
INFO: [HLS 200-10] ----------------------------------------------------------------
INFO: [HLS 200-42] -- Implementing module 'foo' 
INFO: [HLS 200-10] ----------------------------------------------------------------
INFO: [SCHED 204-11] Starting scheduling ...
INFO: [SCHED 204-11] Finished scheduling.
INFO: [HLS 200-111] Finished Scheduling: CPU user time: 0 seconds. CPU system time: 0 seconds. Elapsed time: 0 seconds; current allocated memory: 260.039 MB.
INFO: [BIND 205-100] Starting micro-architecture generation ...
INFO: [BIND 205-101] Performing variable lifetime analysis.
INFO: [BIND 205-101] Exploring resource sharing.
INFO: [BIND 205-101] Binding ...
INFO: [BIND 205-100] Finished micro-architecture generation.
INFO: [HLS 200-111] Finished Binding: CPU user time: 0.01 seconds. CPU system time: 0 seconds. Elapsed time: 0.01 seconds; current allocated memory: 260.059 MB.
INFO: [HLS 200-10] ----------------------------------------------------------------
INFO: [HLS 200-42] -- Implementing module 'top' 
INFO: [HLS 200-10] ----------------------------------------------------------------
INFO: [SCHED 204-11] Starting scheduling ...
INFO: [SCHED 204-11] Finished scheduling.
INFO: [HLS 200-111] Finished Scheduling: CPU user time: 0 seconds. CPU system time: 0 seconds. Elapsed time: 0 seconds; current allocated memory: 260.270 MB.
INFO: [BIND 205-100] Starting micro-architecture generation ...
INFO: [BIND 205-101] Performing variable lifetime analysis.
INFO: [BIND 205-101] Exploring resource sharing.
INFO: [BIND 205-101] Binding ...
INFO: [BIND 205-100] Finished micro-architecture generation.
INFO: [HLS 200-111] Finished Binding: CPU user time: 0 seconds. CPU system time: 0.01 seconds. Elapsed time: 0.01 seconds; current allocated memory: 260.312 MB.
INFO: [HLS 200-10] ----------------------------------------------------------------
INFO: [HLS 200-10] -- Generating RTL for module 'foo_1' 
INFO: [HLS 200-10] ----------------------------------------------------------------
INFO: [RTGEN 206-100] Finished creating RTL model for 'foo_1'.
INFO: [HLS 200-111] Finished Creating RTL model: CPU user time: 0.01 seconds. CPU system time: 0 seconds. Elapsed time: 0 seconds; current allocated memory: 260.457 MB.
INFO: [HLS 200-10] ----------------------------------------------------------------
INFO: [HLS 200-10] -- Generating RTL for module 'foo' 
INFO: [HLS 200-10] ----------------------------------------------------------------
INFO: [RTGEN 206-100] Finished creating RTL model for 'foo'.
INFO: [HLS 200-111] Finished Creating RTL model: CPU user time: 0.01 seconds. CPU system time: 0 seconds. Elapsed time: 0.01 seconds; current allocated memory: 260.711 MB.
INFO: [HLS 200-10] ----------------------------------------------------------------
INFO: [HLS 200-10] -- Generating RTL for module 'top' 
INFO: [HLS 200-10] ----------------------------------------------------------------
INFO: [RTGEN 206-500] Setting interface mode on port 'top/inval1' to 'ap_none'.
INFO: [RTGEN 206-500] Setting interface mode on port 'top/inval2' to 'ap_none'.
INFO: [RTGEN 206-500] Setting interface mode on port 'top/inval3' to 'ap_none'.
INFO: [RTGEN 206-500] Setting interface mode on port 'top/outval1' to 'ap_vld'.
INFO: [RTGEN 206-500] Setting interface mode on port 'top/outval2' to 'ap_vld'.
INFO: [RTGEN 206-500] Setting interface mode on port 'top/outval3' to 'ap_vld'.
INFO: [RTGEN 206-500] Setting interface mode on function 'top' to 'ap_ctrl_hs'.
INFO: [RTGEN 206-100] Finished creating RTL model for 'top'.
INFO: [HLS 200-111] Finished Creating RTL model: CPU user time: 0.01 seconds. CPU system time: 0 seconds. Elapsed time: 0.01 seconds; current allocated memory: 261.043 MB.
INFO: [HLS 200-111] Finished Generating all RTL models: CPU user time: 0.06 seconds. CPU system time: 0 seconds. Elapsed time: 0.07 seconds; current allocated memory: 264.129 MB.
INFO: [HLS 200-111] Finished Updating report files: CPU user time: 0.08 seconds. CPU system time: 0.01 seconds. Elapsed time: 0.08 seconds; current allocated memory: 265.883 MB.
INFO: [VHDL 208-304] Generating VHDL RTL for top.
INFO: [VLOG 209-307] Generating Verilog RTL for top.
INFO: [HLS 200-789] **** Estimated Fmax: 1418.44 MHz
INFO: [HLS 200-111] Finished Command csynth_design CPU user time: 3.86 seconds. CPU system time: 0.67 seconds. Elapsed time: 11.34 seconds; current allocated memory: 39.867 MB.
INFO: [HLS 200-1510] Running: close_solution 
INFO: [HLS 200-112] Total CPU user time: 5.01 seconds. Total CPU system time: 0.8 seconds. Total elapsed time: 13.64 seconds; peak allocated memory: 266.094 MB.
INFO: [Common 17-206] Exiting vitis_hls at Fri Apr 11 01:12:56 2025...
