
****** Vitis HLS - High-Level Synthesis from C, C++ and OpenCL v2023.2 (64-bit)
  **** SW Build 4023990 on Oct 11 2023
  **** IP Build 4028589 on Sat Oct 14 00:45:43 MDT 2023
  **** SharedData Build 4025554 on Tue Oct 10 17:18:54 MDT 2023
    ** Copyright 1986-2022 Xilinx, Inc. All Rights Reserved.
    ** Copyright 2022-2023 Advanced Micro Devices, Inc. All Rights Reserved.

source /tools/Xilinx/Vitis_HLS/2023.2/scripts/vitis_hls/hls.tcl -notrace
INFO: [HLS 200-10] Running '/tools/Xilinx/Vitis_HLS/2023.2/bin/unwrapped/lnx64.o/vitis_hls'
INFO: [HLS 200-10] For user 'user' on host 'RTX4090' (Linux_x86_64 version 6.8.0-52-generic) on Fri Apr 11 01:12:57 CST 2025
INFO: [HLS 200-10] On os Ubuntu 22.04.4 LTS
INFO: [HLS 200-10] In directory '/home/user/zedongpeng/workspace/Vitis-HLS-Introductory-Examples-flatten/maxi_cache_locality'
INFO: [HLS 200-2053] The vitis_hls executable is being deprecated. Consider using vitis-run --mode hls --tcl
Sourcing Tcl script 'run_hls.tcl'
INFO: [HLS 200-1510] Running: open_project -reset project 
INFO: [HLS 200-10] Creating and opening project '/home/user/zedongpeng/workspace/Vitis-HLS-Introductory-Examples-flatten/maxi_cache_locality/project'.
INFO: [HLS 200-1510] Running: set_top dut 
INFO: [HLS 200-1510] Running: add_files combined.cpp 
INFO: [HLS 200-10] Adding design file 'combined.cpp' to the project
INFO: [HLS 200-1510] Running: open_solution -reset solution1 
INFO: [HLS 200-10] Creating and opening solution '/home/user/zedongpeng/workspace/Vitis-HLS-Introductory-Examples-flatten/maxi_cache_locality/project/solution1'.
INFO: [HLS 200-10] Cleaning up the solution database.
INFO: [HLS 200-1505] Using default flow_target 'vivado'
Resolution: For help on HLS 200-1505 see docs.xilinx.com/access/sources/dita/topic?Doc_Version=2023.2%20English&url=ug1448-hls-guidance&resourceid=200-1505.html
INFO: [HLS 200-1510] Running: set_part xcu280-fsvh2892-2L-e 
INFO: [HLS 200-1611] Setting target device to 'xcu280-fsvh2892-2L-e'
INFO: [HLS 200-1510] Running: create_clock -period 10 
INFO: [SYN 201-201] Setting up clock 'default' with a period of 10ns.
INFO: [HLS 200-1510] Running: csynth_design 
INFO: [HLS 200-111] Finished File checks and directory preparation: CPU user time: 0.05 seconds. CPU system time: 0.01 seconds. Elapsed time: 0.05 seconds; current allocated memory: 226.227 MB.
INFO: [HLS 200-10] Analyzing design file 'combined.cpp' ... 
INFO: [HLS 200-111] Finished Source Code Analysis and Preprocessing: CPU user time: 0.15 seconds. CPU system time: 0.22 seconds. Elapsed time: 0.38 seconds; current allocated memory: 228.309 MB.
INFO: [HLS 200-777] Using interface defaults for 'Vivado' flow target.
INFO: [HLS 200-1995] There were 24 instructions in the design after the 'Compile/Link' phase of compilation. See the Design Size Report for more details: /home/user/zedongpeng/workspace/Vitis-HLS-Introductory-Examples-flatten/maxi_cache_locality/project/solution1/syn/report/csynth_design_size.rpt
INFO: [HLS 200-1995] There were 27 instructions in the design after the 'Unroll/Inline (step 1)' phase of compilation. See the Design Size Report for more details: /home/user/zedongpeng/workspace/Vitis-HLS-Introductory-Examples-flatten/maxi_cache_locality/project/solution1/syn/report/csynth_design_size.rpt
INFO: [HLS 200-1995] There were 20 instructions in the design after the 'Unroll/Inline (step 2)' phase of compilation. See the Design Size Report for more details: /home/user/zedongpeng/workspace/Vitis-HLS-Introductory-Examples-flatten/maxi_cache_locality/project/solution1/syn/report/csynth_design_size.rpt
INFO: [HLS 200-1995] There were 22 instructions in the design after the 'Unroll/Inline (step 3)' phase of compilation. See the Design Size Report for more details: /home/user/zedongpeng/workspace/Vitis-HLS-Introductory-Examples-flatten/maxi_cache_locality/project/solution1/syn/report/csynth_design_size.rpt
INFO: [HLS 200-1995] There were 22 instructions in the design after the 'Unroll/Inline (step 4)' phase of compilation. See the Design Size Report for more details: /home/user/zedongpeng/workspace/Vitis-HLS-Introductory-Examples-flatten/maxi_cache_locality/project/solution1/syn/report/csynth_design_size.rpt
INFO: [HLS 200-1995] There were 23 instructions in the design after the 'Array/Struct (step 1)' phase of compilation. See the Design Size Report for more details: /home/user/zedongpeng/workspace/Vitis-HLS-Introductory-Examples-flatten/maxi_cache_locality/project/solution1/syn/report/csynth_design_size.rpt
INFO: [HLS 200-1995] There were 23 instructions in the design after the 'Array/Struct (step 2)' phase of compilation. See the Design Size Report for more details: /home/user/zedongpeng/workspace/Vitis-HLS-Introductory-Examples-flatten/maxi_cache_locality/project/solution1/syn/report/csynth_design_size.rpt
INFO: [HLS 200-1995] There were 23 instructions in the design after the 'Array/Struct (step 3)' phase of compilation. See the Design Size Report for more details: /home/user/zedongpeng/workspace/Vitis-HLS-Introductory-Examples-flatten/maxi_cache_locality/project/solution1/syn/report/csynth_design_size.rpt
INFO: [HLS 200-1995] There were 23 instructions in the design after the 'Array/Struct (step 4)' phase of compilation. See the Design Size Report for more details: /home/user/zedongpeng/workspace/Vitis-HLS-Introductory-Examples-flatten/maxi_cache_locality/project/solution1/syn/report/csynth_design_size.rpt
INFO: [HLS 200-1995] There were 26 instructions in the design after the 'Array/Struct (step 5)' phase of compilation. See the Design Size Report for more details: /home/user/zedongpeng/workspace/Vitis-HLS-Introductory-Examples-flatten/maxi_cache_locality/project/solution1/syn/report/csynth_design_size.rpt
INFO: [HLS 200-1995] There were 25 instructions in the design after the 'Performance (step 1)' phase of compilation. See the Design Size Report for more details: /home/user/zedongpeng/workspace/Vitis-HLS-Introductory-Examples-flatten/maxi_cache_locality/project/solution1/syn/report/csynth_design_size.rpt
INFO: [HLS 200-1995] There were 25 instructions in the design after the 'Performance (step 2)' phase of compilation. See the Design Size Report for more details: /home/user/zedongpeng/workspace/Vitis-HLS-Introductory-Examples-flatten/maxi_cache_locality/project/solution1/syn/report/csynth_design_size.rpt
INFO: [HLS 200-1995] There were 25 instructions in the design after the 'Performance (step 3)' phase of compilation. See the Design Size Report for more details: /home/user/zedongpeng/workspace/Vitis-HLS-Introductory-Examples-flatten/maxi_cache_locality/project/solution1/syn/report/csynth_design_size.rpt
INFO: [HLS 200-1995] There were 25 instructions in the design after the 'Performance (step 4)' phase of compilation. See the Design Size Report for more details: /home/user/zedongpeng/workspace/Vitis-HLS-Introductory-Examples-flatten/maxi_cache_locality/project/solution1/syn/report/csynth_design_size.rpt
INFO: [HLS 200-1995] There were 40 instructions in the design after the 'HW Transforms (step 1)' phase of compilation. See the Design Size Report for more details: /home/user/zedongpeng/workspace/Vitis-HLS-Introductory-Examples-flatten/maxi_cache_locality/project/solution1/syn/report/csynth_design_size.rpt
INFO: [HLS 200-1995] There were 43 instructions in the design after the 'HW Transforms (step 2)' phase of compilation. See the Design Size Report for more details: /home/user/zedongpeng/workspace/Vitis-HLS-Introductory-Examples-flatten/maxi_cache_locality/project/solution1/syn/report/csynth_design_size.rpt
INFO: [HLS 214-376] automatically set the pipeline for Loop< VITIS_LOOP_30_1> at combined.cpp:30:19 
INFO: [HLS 214-115] Multiple burst writes of variable length and bit width 64 in loop 'VITIS_LOOP_30_1'(combined.cpp:30:19) has been inferred on bundle 'aximm'. These burst requests might be further partitioned into multiple requests during RTL generation, based on max_read_burst_length or max_write_burst_length settings. (combined.cpp:30:19)
INFO: [HLS 200-111] Finished Compiling Optimization and Transform: CPU user time: 1.57 seconds. CPU system time: 0.26 seconds. Elapsed time: 6.67 seconds; current allocated memory: 230.133 MB.
INFO: [HLS 200-111] Finished Checking Pragmas: CPU user time: 0 seconds. CPU system time: 0 seconds. Elapsed time: 0 seconds; current allocated memory: 230.133 MB.
INFO: [HLS 200-10] Starting code transformations ...
INFO: [HLS 200-111] Finished Standard Transforms: CPU user time: 0 seconds. CPU system time: 0 seconds. Elapsed time: 0.01 seconds; current allocated memory: 230.383 MB.
INFO: [HLS 200-10] Checking synthesizability ...
INFO: [HLS 200-111] Finished Checking Synthesizability: CPU user time: 0.01 seconds. CPU system time: 0 seconds. Elapsed time: 0 seconds; current allocated memory: 230.383 MB.
INFO: [HLS 200-111] Finished Loop, function and other optimizations: CPU user time: 0.02 seconds. CPU system time: 0.02 seconds. Elapsed time: 0.04 seconds; current allocated memory: 251.695 MB.
INFO: [HLS 200-111] Finished Architecture Synthesis: CPU user time: 0.02 seconds. CPU system time: 0 seconds. Elapsed time: 0.02 seconds; current allocated memory: 242.441 MB.
INFO: [HLS 200-10] Starting hardware synthesis ...
INFO: [HLS 200-10] Synthesizing 'dut' ...
INFO: [HLS 200-10] ----------------------------------------------------------------
INFO: [HLS 200-42] -- Implementing module 'dut' 
INFO: [HLS 200-10] ----------------------------------------------------------------
INFO: [SCHED 204-11] Starting scheduling ...
INFO: [SCHED 204-61] Pipelining loop 'VITIS_LOOP_30_1'.
WARNING: [HLS 200-885] The II Violation in module 'dut' (loop 'VITIS_LOOP_30_1'): Unable to schedule bus request operation ('aximm2_load_1_req', combined.cpp:31) on port 'aximm2' (combined.cpp:31) due to limited memory ports (II = 1). Please consider using a memory core with more ports or partitioning the array.
Resolution: For help on HLS 200-885 see docs.xilinx.com/access/sources/dita/topic?Doc_Version=2023.2%20English&url=ug1448-hls-guidance&resourceid=200-885.html
INFO: [HLS 200-1470] Pipelining result : Target II = NA, Final II = 2, Depth = 18, loop 'VITIS_LOOP_30_1'
INFO: [SCHED 204-11] Finished scheduling.
INFO: [HLS 200-111] Finished Scheduling: CPU user time: 0.06 seconds. CPU system time: 0.01 seconds. Elapsed time: 0.07 seconds; current allocated memory: 243.777 MB.
INFO: [BIND 205-100] Starting micro-architecture generation ...
INFO: [BIND 205-101] Performing variable lifetime analysis.
INFO: [BIND 205-101] Exploring resource sharing.
INFO: [BIND 205-101] Binding ...
INFO: [BIND 205-100] Finished micro-architecture generation.
INFO: [HLS 200-111] Finished Binding: CPU user time: 0.01 seconds. CPU system time: 0.01 seconds. Elapsed time: 0.01 seconds; current allocated memory: 243.777 MB.
INFO: [HLS 200-10] ----------------------------------------------------------------
INFO: [HLS 200-10] -- Generating RTL for module 'dut' 
INFO: [HLS 200-10] ----------------------------------------------------------------
WARNING: [RTGEN 206-101] Design contains AXI ports. Reset is fixed to synchronous and active low.
INFO: [RTGEN 206-500] Setting interface mode on port 'dut/aximm2' to 'm_axi'.
INFO: [RTGEN 206-500] Setting interface mode on port 'dut/aximm' to 'm_axi'.
INFO: [RTGEN 206-500] Setting interface mode on port 'dut/in_r' to 's_axilite & ap_none'.
INFO: [RTGEN 206-500] Setting interface mode on port 'dut/out_r' to 's_axilite & ap_none'.
INFO: [RTGEN 206-500] Setting interface mode on port 'dut/size' to 'ap_none'.
INFO: [RTGEN 206-500] Setting interface mode on function 'dut' to 'ap_ctrl_hs'.
INFO: [RTGEN 206-100] Bundling port 'in_r' and 'out_r' to AXI-Lite port control.
WARNING: [HLS 200-2088] Using the default maximum M_AXI bus width 1024 as the M_AXI adapter bus width on the port aximm2.
INFO: [RTGEN 206-100] Generating core module 'dadd_64ns_64ns_64_3_full_dsp_1': 1 instance(s).
INFO: [RTGEN 206-100] Finished creating RTL model for 'dut'.
INFO: [HLS 200-111] Finished Creating RTL model: CPU user time: 0.02 seconds. CPU system time: 0 seconds. Elapsed time: 0.03 seconds; current allocated memory: 244.477 MB.
INFO: [HLS 200-111] Finished Generating all RTL models: CPU user time: 0.18 seconds. CPU system time: 0.01 seconds. Elapsed time: 0.2 seconds; current allocated memory: 248.641 MB.
INFO: [HLS 200-1603] Design has inferred MAXI bursts and missed bursts, see Vitis HLS GUI synthesis summary report for detailed information.
INFO: [HLS 200-111] Finished Updating report files: CPU user time: 0.38 seconds. CPU system time: 0.02 seconds. Elapsed time: 0.39 seconds; current allocated memory: 253.434 MB.
INFO: [VHDL 208-304] Generating VHDL RTL for dut.
INFO: [VLOG 209-307] Generating Verilog RTL for dut.
INFO: [HLS 200-790] **** Loop Constraint Status: All loop constraints were NOT satisfied.
INFO: [HLS 200-789] **** Estimated Fmax: 136.99 MHz
INFO: [HLS 200-111] Finished Command csynth_design CPU user time: 2.48 seconds. CPU system time: 0.56 seconds. Elapsed time: 7.88 seconds; current allocated memory: 27.207 MB.
INFO: [HLS 200-1510] Running: close_solution 
INFO: [HLS 200-112] Total CPU user time: 3.46 seconds. Total CPU system time: 0.69 seconds. Total elapsed time: 8.91 seconds; peak allocated memory: 253.434 MB.
INFO: [Common 17-206] Exiting vitis_hls at Fri Apr 11 01:13:06 2025...
