
****** Vitis HLS - High-Level Synthesis from C, C++ and OpenCL v2023.2 (64-bit)
  **** SW Build 4023990 on Oct 11 2023
  **** IP Build 4028589 on Sat Oct 14 00:45:43 MDT 2023
  **** SharedData Build 4025554 on Tue Oct 10 17:18:54 MDT 2023
    ** Copyright 1986-2022 Xilinx, Inc. All Rights Reserved.
    ** Copyright 2022-2023 Advanced Micro Devices, Inc. All Rights Reserved.

source /tools/Xilinx/Vitis_HLS/2023.2/scripts/vitis_hls/hls.tcl -notrace
INFO: [HLS 200-10] Running '/tools/Xilinx/Vitis_HLS/2023.2/bin/unwrapped/lnx64.o/vitis_hls'
INFO: [HLS 200-10] For user 'user' on host 'RTX4090' (Linux_x86_64 version 6.8.0-52-generic) on Fri Apr 11 01:12:44 CST 2025
INFO: [HLS 200-10] On os Ubuntu 22.04.4 LTS
INFO: [HLS 200-10] In directory '/home/user/zedongpeng/workspace/Vitis-HLS-Introductory-Examples-flatten/using_axi_stream_no_side_channel_data'
INFO: [HLS 200-2053] The vitis_hls executable is being deprecated. Consider using vitis-run --mode hls --tcl
Sourcing Tcl script 'run_hls.tcl'
INFO: [HLS 200-1510] Running: open_project -reset project 
INFO: [HLS 200-10] Creating and opening project '/home/user/zedongpeng/workspace/Vitis-HLS-Introductory-Examples-flatten/using_axi_stream_no_side_channel_data/project'.
INFO: [HLS 200-1510] Running: set_top example 
INFO: [HLS 200-1510] Running: add_files combined.cpp 
INFO: [HLS 200-10] Adding design file 'combined.cpp' to the project
INFO: [HLS 200-1510] Running: open_solution -reset solution1 
INFO: [HLS 200-10] Creating and opening solution '/home/user/zedongpeng/workspace/Vitis-HLS-Introductory-Examples-flatten/using_axi_stream_no_side_channel_data/project/solution1'.
INFO: [HLS 200-10] Cleaning up the solution database.
INFO: [HLS 200-1505] Using default flow_target 'vivado'
Resolution: For help on HLS 200-1505 see docs.xilinx.com/access/sources/dita/topic?Doc_Version=2023.2%20English&url=ug1448-hls-guidance&resourceid=200-1505.html
INFO: [HLS 200-1510] Running: set_part xcu280-fsvh2892-2L-e 
INFO: [HLS 200-1611] Setting target device to 'xcu280-fsvh2892-2L-e'
INFO: [HLS 200-1510] Running: create_clock -period 10 
INFO: [SYN 201-201] Setting up clock 'default' with a period of 10ns.
INFO: [HLS 200-1510] Running: csynth_design 
INFO: [HLS 200-111] Finished File checks and directory preparation: CPU user time: 0.06 seconds. CPU system time: 0.01 seconds. Elapsed time: 0.09 seconds; current allocated memory: 226.234 MB.
INFO: [HLS 200-10] Analyzing design file 'combined.cpp' ... 
INFO: [HLS 200-111] Finished Source Code Analysis and Preprocessing: CPU user time: 2.79 seconds. CPU system time: 0.43 seconds. Elapsed time: 5.32 seconds; current allocated memory: 228.332 MB.
INFO: [HLS 200-777] Using interface defaults for 'Vivado' flow target.
INFO: [HLS 200-1995] There were 261 instructions in the design after the 'Compile/Link' phase of compilation. See the Design Size Report for more details: /home/user/zedongpeng/workspace/Vitis-HLS-Introductory-Examples-flatten/using_axi_stream_no_side_channel_data/project/solution1/syn/report/csynth_design_size.rpt
INFO: [HLS 200-1995] There were 24 instructions in the design after the 'Unroll/Inline (step 1)' phase of compilation. See the Design Size Report for more details: /home/user/zedongpeng/workspace/Vitis-HLS-Introductory-Examples-flatten/using_axi_stream_no_side_channel_data/project/solution1/syn/report/csynth_design_size.rpt
INFO: [HLS 200-1995] There were 22 instructions in the design after the 'Unroll/Inline (step 2)' phase of compilation. See the Design Size Report for more details: /home/user/zedongpeng/workspace/Vitis-HLS-Introductory-Examples-flatten/using_axi_stream_no_side_channel_data/project/solution1/syn/report/csynth_design_size.rpt
INFO: [HLS 200-1995] There were 22 instructions in the design after the 'Unroll/Inline (step 3)' phase of compilation. See the Design Size Report for more details: /home/user/zedongpeng/workspace/Vitis-HLS-Introductory-Examples-flatten/using_axi_stream_no_side_channel_data/project/solution1/syn/report/csynth_design_size.rpt
INFO: [HLS 200-1995] There were 22 instructions in the design after the 'Unroll/Inline (step 4)' phase of compilation. See the Design Size Report for more details: /home/user/zedongpeng/workspace/Vitis-HLS-Introductory-Examples-flatten/using_axi_stream_no_side_channel_data/project/solution1/syn/report/csynth_design_size.rpt
INFO: [HLS 200-1995] There were 22 instructions in the design after the 'Array/Struct (step 1)' phase of compilation. See the Design Size Report for more details: /home/user/zedongpeng/workspace/Vitis-HLS-Introductory-Examples-flatten/using_axi_stream_no_side_channel_data/project/solution1/syn/report/csynth_design_size.rpt
INFO: [HLS 200-1995] There were 22 instructions in the design after the 'Array/Struct (step 2)' phase of compilation. See the Design Size Report for more details: /home/user/zedongpeng/workspace/Vitis-HLS-Introductory-Examples-flatten/using_axi_stream_no_side_channel_data/project/solution1/syn/report/csynth_design_size.rpt
INFO: [HLS 200-1995] There were 22 instructions in the design after the 'Array/Struct (step 3)' phase of compilation. See the Design Size Report for more details: /home/user/zedongpeng/workspace/Vitis-HLS-Introductory-Examples-flatten/using_axi_stream_no_side_channel_data/project/solution1/syn/report/csynth_design_size.rpt
INFO: [HLS 200-1995] There were 22 instructions in the design after the 'Array/Struct (step 4)' phase of compilation. See the Design Size Report for more details: /home/user/zedongpeng/workspace/Vitis-HLS-Introductory-Examples-flatten/using_axi_stream_no_side_channel_data/project/solution1/syn/report/csynth_design_size.rpt
INFO: [HLS 200-1995] There were 38 instructions in the design after the 'Array/Struct (step 5)' phase of compilation. See the Design Size Report for more details: /home/user/zedongpeng/workspace/Vitis-HLS-Introductory-Examples-flatten/using_axi_stream_no_side_channel_data/project/solution1/syn/report/csynth_design_size.rpt
INFO: [HLS 200-1995] There were 40 instructions in the design after the 'Performance (step 1)' phase of compilation. See the Design Size Report for more details: /home/user/zedongpeng/workspace/Vitis-HLS-Introductory-Examples-flatten/using_axi_stream_no_side_channel_data/project/solution1/syn/report/csynth_design_size.rpt
INFO: [HLS 200-1995] There were 38 instructions in the design after the 'Performance (step 2)' phase of compilation. See the Design Size Report for more details: /home/user/zedongpeng/workspace/Vitis-HLS-Introductory-Examples-flatten/using_axi_stream_no_side_channel_data/project/solution1/syn/report/csynth_design_size.rpt
INFO: [HLS 200-1995] There were 24 instructions in the design after the 'Performance (step 3)' phase of compilation. See the Design Size Report for more details: /home/user/zedongpeng/workspace/Vitis-HLS-Introductory-Examples-flatten/using_axi_stream_no_side_channel_data/project/solution1/syn/report/csynth_design_size.rpt
INFO: [HLS 200-1995] There were 24 instructions in the design after the 'Performance (step 4)' phase of compilation. See the Design Size Report for more details: /home/user/zedongpeng/workspace/Vitis-HLS-Introductory-Examples-flatten/using_axi_stream_no_side_channel_data/project/solution1/syn/report/csynth_design_size.rpt
INFO: [HLS 200-1995] There were 18 instructions in the design after the 'HW Transforms (step 1)' phase of compilation. See the Design Size Report for more details: /home/user/zedongpeng/workspace/Vitis-HLS-Introductory-Examples-flatten/using_axi_stream_no_side_channel_data/project/solution1/syn/report/csynth_design_size.rpt
INFO: [HLS 200-1995] There were 17 instructions in the design after the 'HW Transforms (step 2)' phase of compilation. See the Design Size Report for more details: /home/user/zedongpeng/workspace/Vitis-HLS-Introductory-Examples-flatten/using_axi_stream_no_side_channel_data/project/solution1/syn/report/csynth_design_size.rpt
INFO: [HLS 200-111] Finished Compiling Optimization and Transform: CPU user time: 3.58 seconds. CPU system time: 0.34 seconds. Elapsed time: 8.97 seconds; current allocated memory: 230.066 MB.
INFO: [HLS 200-111] Finished Checking Pragmas: CPU user time: 0 seconds. CPU system time: 0 seconds. Elapsed time: 0 seconds; current allocated memory: 230.066 MB.
INFO: [HLS 200-10] Starting code transformations ...
INFO: [HLS 200-111] Finished Standard Transforms: CPU user time: 0.01 seconds. CPU system time: 0 seconds. Elapsed time: 0.01 seconds; current allocated memory: 230.066 MB.
INFO: [HLS 200-10] Checking synthesizability ...
INFO: [HLS 200-111] Finished Checking Synthesizability: CPU user time: 0 seconds. CPU system time: 0 seconds. Elapsed time: 0 seconds; current allocated memory: 230.066 MB.
INFO: [HLS 200-111] Finished Loop, function and other optimizations: CPU user time: 0.02 seconds. CPU system time: 0.01 seconds. Elapsed time: 0.03 seconds; current allocated memory: 250.656 MB.
INFO: [HLS 200-111] Finished Architecture Synthesis: CPU user time: 0.01 seconds. CPU system time: 0 seconds. Elapsed time: 0.01 seconds; current allocated memory: 241.402 MB.
INFO: [HLS 200-10] Starting hardware synthesis ...
INFO: [HLS 200-10] Synthesizing 'example' ...
INFO: [HLS 200-10] ----------------------------------------------------------------
INFO: [HLS 200-42] -- Implementing module 'example' 
INFO: [HLS 200-10] ----------------------------------------------------------------
INFO: [SCHED 204-11] Starting scheduling ...
INFO: [SCHED 204-11] Finished scheduling.
INFO: [HLS 200-111] Finished Scheduling: CPU user time: 0.02 seconds. CPU system time: 0.02 seconds. Elapsed time: 0.03 seconds; current allocated memory: 242.016 MB.
INFO: [BIND 205-100] Starting micro-architecture generation ...
INFO: [BIND 205-101] Performing variable lifetime analysis.
INFO: [BIND 205-101] Exploring resource sharing.
INFO: [BIND 205-101] Binding ...
INFO: [BIND 205-100] Finished micro-architecture generation.
INFO: [HLS 200-111] Finished Binding: CPU user time: 0 seconds. CPU system time: 0 seconds. Elapsed time: 0.01 seconds; current allocated memory: 242.016 MB.
INFO: [HLS 200-10] ----------------------------------------------------------------
INFO: [HLS 200-10] -- Generating RTL for module 'example' 
INFO: [HLS 200-10] ----------------------------------------------------------------
WARNING: [RTGEN 206-101] Design contains AXI ports. Reset is fixed to synchronous and active low.
INFO: [RTGEN 206-500] Setting interface mode on port 'example/A_V_data_V' to 'axis' (register, both mode).
INFO: [RTGEN 206-500] Setting interface mode on port 'example/B_V_data_V' to 'axis' (register, both mode).
INFO: [RTGEN 206-500] Setting interface mode on function 'example' to 'ap_ctrl_hs'.
INFO: [RTGEN 206-100] Finished creating RTL model for 'example'.
INFO: [HLS 200-111] Finished Creating RTL model: CPU user time: 0.02 seconds. CPU system time: 0 seconds. Elapsed time: 0.01 seconds; current allocated memory: 242.016 MB.
INFO: [HLS 200-111] Finished Generating all RTL models: CPU user time: 0.1 seconds. CPU system time: 0.01 seconds. Elapsed time: 0.1 seconds; current allocated memory: 245.082 MB.
INFO: [HLS 200-111] Finished Updating report files: CPU user time: 0.08 seconds. CPU system time: 0 seconds. Elapsed time: 0.09 seconds; current allocated memory: 246.328 MB.
INFO: [VHDL 208-304] Generating VHDL RTL for example.
INFO: [VLOG 209-307] Generating Verilog RTL for example.
INFO: [HLS 200-789] **** Estimated Fmax: 347.22 MHz
INFO: [HLS 200-111] Finished Command csynth_design CPU user time: 6.69 seconds. CPU system time: 0.82 seconds. Elapsed time: 14.68 seconds; current allocated memory: 20.195 MB.
INFO: [HLS 200-1510] Running: close_solution 
INFO: [HLS 200-112] Total CPU user time: 8.01 seconds. Total CPU system time: 0.99 seconds. Total elapsed time: 16.73 seconds; peak allocated memory: 250.656 MB.
INFO: [Common 17-206] Exiting vitis_hls at Fri Apr 11 01:13:00 2025...
