INFO-FLOW: Workspace /home/user/zedongpeng/workspace/Vitis-HLS-Introductory-Examples-flatten/interface_array/proj_intf_array/solution1 opened at Fri Apr 11 01:10:09 CST 2025
Execute       send_msg_by_id INFO @200-1505@%s%s  vivado 
INFO: [HLS 200-1505] Using flow_target 'vivado'
Execute     set_part xcu280-fsvh2892-2L-e 
INFO: [HLS 200-1510] Running: set_part xcu280-fsvh2892-2L-e 
Execute       create_platform xcu280-fsvh2892-2L-e -board  
DBG:HLSDevice: Trying to load device library: /tools/Xilinx/Vitis_HLS/2023.2/lib/lnx64.o/libxv_hlsvwrap.so
DBG:HLSDevice: first parts/arch.xml in RDI_DATADIR: /tools/Xilinx/Vivado/2023.2/data/parts/arch.xml
DBG:HLSDevice: init success
INFO: [HLS 200-1611] Setting target device to 'xcu280-fsvh2892-2L-e'
Command       create_platform done; 0.69 sec.
Execute       source /tools/Xilinx/Vitis_HLS/2023.2/common/technology/xilinx/common/xilinx.gen 
Execute         source /tools/Xilinx/Vitis_HLS/2023.2/common/technology/xilinx/interface/plb46.gen 
Execute         source /tools/Xilinx/Vitis_HLS/2023.2/common/technology/xilinx/interface/axi4.gen 
Execute         source /tools/Xilinx/Vitis_HLS/2023.2/common/technology/xilinx/interface/nativeAXI4.gen 
Execute           source /tools/Xilinx/Vitis_HLS/2023.2/common/technology/xilinx/interface/saxilite.gen 
Execute         source /tools/Xilinx/Vitis_HLS/2023.2/common/technology/xilinx/scripts/xilinxcoregen.gen 
Execute         source /tools/Xilinx/Vitis_HLS/2023.2/common/technology/xilinx/interface/XilEDKCoreGen.gen 
Execute         source /tools/Xilinx/Vitis_HLS/2023.2/common/technology/xilinx/ip/xfft.gen 
Execute         source /tools/Xilinx/Vitis_HLS/2023.2/common/technology/xilinx/ip/util.gen 
Execute         source /tools/Xilinx/Vitis_HLS/2023.2/common/technology/xilinx/ip/xfir.gen 
Execute         source /tools/Xilinx/Vitis_HLS/2023.2/common/technology/xilinx/ip/dds_compiler.gen 
Execute         source /tools/Xilinx/Vitis_HLS/2023.2/common/technology/xilinx/DSP48/dsp48.gen 
Execute       ap_part_info -name xcu280-fsvh2892-2L-e -data info 
Execute       config_compile -quiet -complex-mul-dsp=0 
Command     set_part done; 0.77 sec.
Execute     create_clock -period 10 
INFO: [HLS 200-1510] Running: create_clock -period 10 
Execute       ap_set_clock -name default -period 10 -default=false 
INFO: [SYN 201-201] Setting up clock 'default' with a period of 10ns.
Execute     csim_design 
INFO: [HLS 200-1510] Running: csim_design 
INFO-FLOW: Running SLX 'csim' proc: ::SLX::run_csim
Execute       send_msg_by_id WARNING @200-1998@%s%s ../../fft_tb.cpp /home/user/zedongpeng/workspace/Vitis-HLS-Introductory-Examples-flatten/interface_array/proj_intf_array/solution /home/user/zedongpeng/workspace/Vitis-HLS-Introductory-Examples-flatten/interface_array 
WARNING: [HLS 200-1998] cannot find relative file path '../../fft_tb.cpp' in directory(s): /home/user/zedongpeng/workspace/Vitis-HLS-Introductory-Examples-flatten/interface_array/proj_intf_array/solution /home/user/zedongpeng/workspace/Vitis-HLS-Introductory-Examples-flatten/interface_array
Execute       send_msg_by_id WARNING @200-1998@%s%s ../../data/stimulus_00.dat /home/user/zedongpeng/workspace/Vitis-HLS-Introductory-Examples-flatten/interface_array/proj_intf_array/solution /home/user/zedongpeng/workspace/Vitis-HLS-Introductory-Examples-flatten/interface_array 
WARNING: [HLS 200-1998] cannot find relative file path '../../data/stimulus_00.dat' in directory(s): /home/user/zedongpeng/workspace/Vitis-HLS-Introductory-Examples-flatten/interface_array/proj_intf_array/solution /home/user/zedongpeng/workspace/Vitis-HLS-Introductory-Examples-flatten/interface_array
Execute       send_msg_by_id WARNING @200-1998@%s%s ../../data/stimulus_01.dat /home/user/zedongpeng/workspace/Vitis-HLS-Introductory-Examples-flatten/interface_array/proj_intf_array/solution /home/user/zedongpeng/workspace/Vitis-HLS-Introductory-Examples-flatten/interface_array 
WARNING: [HLS 200-1998] cannot find relative file path '../../data/stimulus_01.dat' in directory(s): /home/user/zedongpeng/workspace/Vitis-HLS-Introductory-Examples-flatten/interface_array/proj_intf_array/solution /home/user/zedongpeng/workspace/Vitis-HLS-Introductory-Examples-flatten/interface_array
Execute       send_msg_by_id WARNING @200-1998@%s%s ../../data/stimulus_02.dat /home/user/zedongpeng/workspace/Vitis-HLS-Introductory-Examples-flatten/interface_array/proj_intf_array/solution /home/user/zedongpeng/workspace/Vitis-HLS-Introductory-Examples-flatten/interface_array 
WARNING: [HLS 200-1998] cannot find relative file path '../../data/stimulus_02.dat' in directory(s): /home/user/zedongpeng/workspace/Vitis-HLS-Introductory-Examples-flatten/interface_array/proj_intf_array/solution /home/user/zedongpeng/workspace/Vitis-HLS-Introductory-Examples-flatten/interface_array
Execute       send_msg_by_id WARNING @200-1998@%s%s ../../data/stimulus_03.dat /home/user/zedongpeng/workspace/Vitis-HLS-Introductory-Examples-flatten/interface_array/proj_intf_array/solution /home/user/zedongpeng/workspace/Vitis-HLS-Introductory-Examples-flatten/interface_array 
WARNING: [HLS 200-1998] cannot find relative file path '../../data/stimulus_03.dat' in directory(s): /home/user/zedongpeng/workspace/Vitis-HLS-Introductory-Examples-flatten/interface_array/proj_intf_array/solution /home/user/zedongpeng/workspace/Vitis-HLS-Introductory-Examples-flatten/interface_array
Execute       send_msg_by_id WARNING @200-1998@%s%s ../../data/stimulus_04.dat /home/user/zedongpeng/workspace/Vitis-HLS-Introductory-Examples-flatten/interface_array/proj_intf_array/solution /home/user/zedongpeng/workspace/Vitis-HLS-Introductory-Examples-flatten/interface_array 
WARNING: [HLS 200-1998] cannot find relative file path '../../data/stimulus_04.dat' in directory(s): /home/user/zedongpeng/workspace/Vitis-HLS-Introductory-Examples-flatten/interface_array/proj_intf_array/solution /home/user/zedongpeng/workspace/Vitis-HLS-Introductory-Examples-flatten/interface_array
Execute       send_msg_by_id WARNING @200-1998@%s%s ../../data/stimulus_05.dat /home/user/zedongpeng/workspace/Vitis-HLS-Introductory-Examples-flatten/interface_array/proj_intf_array/solution /home/user/zedongpeng/workspace/Vitis-HLS-Introductory-Examples-flatten/interface_array 
WARNING: [HLS 200-1998] cannot find relative file path '../../data/stimulus_05.dat' in directory(s): /home/user/zedongpeng/workspace/Vitis-HLS-Introductory-Examples-flatten/interface_array/proj_intf_array/solution /home/user/zedongpeng/workspace/Vitis-HLS-Introductory-Examples-flatten/interface_array
Execute       send_msg_by_id WARNING @200-1998@%s%s ../../data/stimulus_06.dat /home/user/zedongpeng/workspace/Vitis-HLS-Introductory-Examples-flatten/interface_array/proj_intf_array/solution /home/user/zedongpeng/workspace/Vitis-HLS-Introductory-Examples-flatten/interface_array 
WARNING: [HLS 200-1998] cannot find relative file path '../../data/stimulus_06.dat' in directory(s): /home/user/zedongpeng/workspace/Vitis-HLS-Introductory-Examples-flatten/interface_array/proj_intf_array/solution /home/user/zedongpeng/workspace/Vitis-HLS-Introductory-Examples-flatten/interface_array
Execute       send_msg_by_id WARNING @200-1998@%s%s ../../data/stimulus_07.dat /home/user/zedongpeng/workspace/Vitis-HLS-Introductory-Examples-flatten/interface_array/proj_intf_array/solution /home/user/zedongpeng/workspace/Vitis-HLS-Introductory-Examples-flatten/interface_array 
WARNING: [HLS 200-1998] cannot find relative file path '../../data/stimulus_07.dat' in directory(s): /home/user/zedongpeng/workspace/Vitis-HLS-Introductory-Examples-flatten/interface_array/proj_intf_array/solution /home/user/zedongpeng/workspace/Vitis-HLS-Introductory-Examples-flatten/interface_array
Execute       send_msg_by_id WARNING @200-1998@%s%s ../../data/stimulus_08.dat /home/user/zedongpeng/workspace/Vitis-HLS-Introductory-Examples-flatten/interface_array/proj_intf_array/solution /home/user/zedongpeng/workspace/Vitis-HLS-Introductory-Examples-flatten/interface_array 
WARNING: [HLS 200-1998] cannot find relative file path '../../data/stimulus_08.dat' in directory(s): /home/user/zedongpeng/workspace/Vitis-HLS-Introductory-Examples-flatten/interface_array/proj_intf_array/solution /home/user/zedongpeng/workspace/Vitis-HLS-Introductory-Examples-flatten/interface_array
Execute       send_msg_by_id WARNING @200-1998@%s%s ../../data/stimulus_09.dat /home/user/zedongpeng/workspace/Vitis-HLS-Introductory-Examples-flatten/interface_array/proj_intf_array/solution /home/user/zedongpeng/workspace/Vitis-HLS-Introductory-Examples-flatten/interface_array 
WARNING: [HLS 200-1998] cannot find relative file path '../../data/stimulus_09.dat' in directory(s): /home/user/zedongpeng/workspace/Vitis-HLS-Introductory-Examples-flatten/interface_array/proj_intf_array/solution /home/user/zedongpeng/workspace/Vitis-HLS-Introductory-Examples-flatten/interface_array
Execute       send_msg_by_id WARNING @200-1998@%s%s ../../data/stimulus_10.dat /home/user/zedongpeng/workspace/Vitis-HLS-Introductory-Examples-flatten/interface_array/proj_intf_array/solution /home/user/zedongpeng/workspace/Vitis-HLS-Introductory-Examples-flatten/interface_array 
WARNING: [HLS 200-1998] cannot find relative file path '../../data/stimulus_10.dat' in directory(s): /home/user/zedongpeng/workspace/Vitis-HLS-Introductory-Examples-flatten/interface_array/proj_intf_array/solution /home/user/zedongpeng/workspace/Vitis-HLS-Introductory-Examples-flatten/interface_array
Execute       send_msg_by_id WARNING @200-1998@%s%s ../../data/stimulus_11.dat /home/user/zedongpeng/workspace/Vitis-HLS-Introductory-Examples-flatten/interface_array/proj_intf_array/solution /home/user/zedongpeng/workspace/Vitis-HLS-Introductory-Examples-flatten/interface_array 
WARNING: [HLS 200-1998] cannot find relative file path '../../data/stimulus_11.dat' in directory(s): /home/user/zedongpeng/workspace/Vitis-HLS-Introductory-Examples-flatten/interface_array/proj_intf_array/solution /home/user/zedongpeng/workspace/Vitis-HLS-Introductory-Examples-flatten/interface_array
Execute       send_msg_by_id WARNING @200-1998@%s%s ../../data/stimulus_12.dat /home/user/zedongpeng/workspace/Vitis-HLS-Introductory-Examples-flatten/interface_array/proj_intf_array/solution /home/user/zedongpeng/workspace/Vitis-HLS-Introductory-Examples-flatten/interface_array 
WARNING: [HLS 200-1998] cannot find relative file path '../../data/stimulus_12.dat' in directory(s): /home/user/zedongpeng/workspace/Vitis-HLS-Introductory-Examples-flatten/interface_array/proj_intf_array/solution /home/user/zedongpeng/workspace/Vitis-HLS-Introductory-Examples-flatten/interface_array
Execute       send_msg_by_id WARNING @200-1998@%s%s ../../data/stimulus_13.dat /home/user/zedongpeng/workspace/Vitis-HLS-Introductory-Examples-flatten/interface_array/proj_intf_array/solution /home/user/zedongpeng/workspace/Vitis-HLS-Introductory-Examples-flatten/interface_array 
WARNING: [HLS 200-1998] cannot find relative file path '../../data/stimulus_13.dat' in directory(s): /home/user/zedongpeng/workspace/Vitis-HLS-Introductory-Examples-flatten/interface_array/proj_intf_array/solution /home/user/zedongpeng/workspace/Vitis-HLS-Introductory-Examples-flatten/interface_array
Execute       send_msg_by_id WARNING @200-1998@%s%s ../../data/stimulus_14.dat /home/user/zedongpeng/workspace/Vitis-HLS-Introductory-Examples-flatten/interface_array/proj_intf_array/solution /home/user/zedongpeng/workspace/Vitis-HLS-Introductory-Examples-flatten/interface_array 
WARNING: [HLS 200-1998] cannot find relative file path '../../data/stimulus_14.dat' in directory(s): /home/user/zedongpeng/workspace/Vitis-HLS-Introductory-Examples-flatten/interface_array/proj_intf_array/solution /home/user/zedongpeng/workspace/Vitis-HLS-Introductory-Examples-flatten/interface_array
Execute       send_msg_by_id WARNING @200-1998@%s%s ../../data/stimulus_15.dat /home/user/zedongpeng/workspace/Vitis-HLS-Introductory-Examples-flatten/interface_array/proj_intf_array/solution /home/user/zedongpeng/workspace/Vitis-HLS-Introductory-Examples-flatten/interface_array 
WARNING: [HLS 200-1998] cannot find relative file path '../../data/stimulus_15.dat' in directory(s): /home/user/zedongpeng/workspace/Vitis-HLS-Introductory-Examples-flatten/interface_array/proj_intf_array/solution /home/user/zedongpeng/workspace/Vitis-HLS-Introductory-Examples-flatten/interface_array
Execute       send_msg_by_id WARNING @200-1998@%s%s ../../data/stimulus_16.dat /home/user/zedongpeng/workspace/Vitis-HLS-Introductory-Examples-flatten/interface_array/proj_intf_array/solution /home/user/zedongpeng/workspace/Vitis-HLS-Introductory-Examples-flatten/interface_array 
WARNING: [HLS 200-1998] cannot find relative file path '../../data/stimulus_16.dat' in directory(s): /home/user/zedongpeng/workspace/Vitis-HLS-Introductory-Examples-flatten/interface_array/proj_intf_array/solution /home/user/zedongpeng/workspace/Vitis-HLS-Introductory-Examples-flatten/interface_array
Execute       send_msg_by_id WARNING @200-1998@%s%s ../../data/stimulus_17.dat /home/user/zedongpeng/workspace/Vitis-HLS-Introductory-Examples-flatten/interface_array/proj_intf_array/solution /home/user/zedongpeng/workspace/Vitis-HLS-Introductory-Examples-flatten/interface_array 
WARNING: [HLS 200-1998] cannot find relative file path '../../data/stimulus_17.dat' in directory(s): /home/user/zedongpeng/workspace/Vitis-HLS-Introductory-Examples-flatten/interface_array/proj_intf_array/solution /home/user/zedongpeng/workspace/Vitis-HLS-Introductory-Examples-flatten/interface_array
Execute       send_msg_by_id WARNING @200-1998@%s%s ../../data/stimulus_18.dat /home/user/zedongpeng/workspace/Vitis-HLS-Introductory-Examples-flatten/interface_array/proj_intf_array/solution /home/user/zedongpeng/workspace/Vitis-HLS-Introductory-Examples-flatten/interface_array 
WARNING: [HLS 200-1998] cannot find relative file path '../../data/stimulus_18.dat' in directory(s): /home/user/zedongpeng/workspace/Vitis-HLS-Introductory-Examples-flatten/interface_array/proj_intf_array/solution /home/user/zedongpeng/workspace/Vitis-HLS-Introductory-Examples-flatten/interface_array
Execute       send_msg_by_id WARNING @200-1998@%s%s ../../data/stimulus_19.dat /home/user/zedongpeng/workspace/Vitis-HLS-Introductory-Examples-flatten/interface_array/proj_intf_array/solution /home/user/zedongpeng/workspace/Vitis-HLS-Introductory-Examples-flatten/interface_array 
WARNING: [HLS 200-1998] cannot find relative file path '../../data/stimulus_19.dat' in directory(s): /home/user/zedongpeng/workspace/Vitis-HLS-Introductory-Examples-flatten/interface_array/proj_intf_array/solution /home/user/zedongpeng/workspace/Vitis-HLS-Introductory-Examples-flatten/interface_array
Execute       send_msg_by_id WARNING @200-1998@%s%s ../../data/stimulus_00.res /home/user/zedongpeng/workspace/Vitis-HLS-Introductory-Examples-flatten/interface_array/proj_intf_array/solution /home/user/zedongpeng/workspace/Vitis-HLS-Introductory-Examples-flatten/interface_array 
WARNING: [HLS 200-1998] cannot find relative file path '../../data/stimulus_00.res' in directory(s): /home/user/zedongpeng/workspace/Vitis-HLS-Introductory-Examples-flatten/interface_array/proj_intf_array/solution /home/user/zedongpeng/workspace/Vitis-HLS-Introductory-Examples-flatten/interface_array
Execute       send_msg_by_id WARNING @200-1998@%s%s ../../data/stimulus_01.res /home/user/zedongpeng/workspace/Vitis-HLS-Introductory-Examples-flatten/interface_array/proj_intf_array/solution /home/user/zedongpeng/workspace/Vitis-HLS-Introductory-Examples-flatten/interface_array 
WARNING: [HLS 200-1998] cannot find relative file path '../../data/stimulus_01.res' in directory(s): /home/user/zedongpeng/workspace/Vitis-HLS-Introductory-Examples-flatten/interface_array/proj_intf_array/solution /home/user/zedongpeng/workspace/Vitis-HLS-Introductory-Examples-flatten/interface_array
Execute       send_msg_by_id WARNING @200-1998@%s%s ../../data/stimulus_02.res /home/user/zedongpeng/workspace/Vitis-HLS-Introductory-Examples-flatten/interface_array/proj_intf_array/solution /home/user/zedongpeng/workspace/Vitis-HLS-Introductory-Examples-flatten/interface_array 
WARNING: [HLS 200-1998] cannot find relative file path '../../data/stimulus_02.res' in directory(s): /home/user/zedongpeng/workspace/Vitis-HLS-Introductory-Examples-flatten/interface_array/proj_intf_array/solution /home/user/zedongpeng/workspace/Vitis-HLS-Introductory-Examples-flatten/interface_array
Execute       send_msg_by_id WARNING @200-1998@%s%s ../../data/stimulus_03.res /home/user/zedongpeng/workspace/Vitis-HLS-Introductory-Examples-flatten/interface_array/proj_intf_array/solution /home/user/zedongpeng/workspace/Vitis-HLS-Introductory-Examples-flatten/interface_array 
WARNING: [HLS 200-1998] cannot find relative file path '../../data/stimulus_03.res' in directory(s): /home/user/zedongpeng/workspace/Vitis-HLS-Introductory-Examples-flatten/interface_array/proj_intf_array/solution /home/user/zedongpeng/workspace/Vitis-HLS-Introductory-Examples-flatten/interface_array
Execute       send_msg_by_id WARNING @200-1998@%s%s ../../data/stimulus_04.res /home/user/zedongpeng/workspace/Vitis-HLS-Introductory-Examples-flatten/interface_array/proj_intf_array/solution /home/user/zedongpeng/workspace/Vitis-HLS-Introductory-Examples-flatten/interface_array 
WARNING: [HLS 200-1998] cannot find relative file path '../../data/stimulus_04.res' in directory(s): /home/user/zedongpeng/workspace/Vitis-HLS-Introductory-Examples-flatten/interface_array/proj_intf_array/solution /home/user/zedongpeng/workspace/Vitis-HLS-Introductory-Examples-flatten/interface_array
Execute       send_msg_by_id WARNING @200-1998@%s%s ../../data/stimulus_05.res /home/user/zedongpeng/workspace/Vitis-HLS-Introductory-Examples-flatten/interface_array/proj_intf_array/solution /home/user/zedongpeng/workspace/Vitis-HLS-Introductory-Examples-flatten/interface_array 
WARNING: [HLS 200-1998] cannot find relative file path '../../data/stimulus_05.res' in directory(s): /home/user/zedongpeng/workspace/Vitis-HLS-Introductory-Examples-flatten/interface_array/proj_intf_array/solution /home/user/zedongpeng/workspace/Vitis-HLS-Introductory-Examples-flatten/interface_array
Execute       send_msg_by_id WARNING @200-1998@%s%s ../../data/stimulus_06.res /home/user/zedongpeng/workspace/Vitis-HLS-Introductory-Examples-flatten/interface_array/proj_intf_array/solution /home/user/zedongpeng/workspace/Vitis-HLS-Introductory-Examples-flatten/interface_array 
WARNING: [HLS 200-1998] cannot find relative file path '../../data/stimulus_06.res' in directory(s): /home/user/zedongpeng/workspace/Vitis-HLS-Introductory-Examples-flatten/interface_array/proj_intf_array/solution /home/user/zedongpeng/workspace/Vitis-HLS-Introductory-Examples-flatten/interface_array
Execute       send_msg_by_id WARNING @200-1998@%s%s ../../data/stimulus_07.res /home/user/zedongpeng/workspace/Vitis-HLS-Introductory-Examples-flatten/interface_array/proj_intf_array/solution /home/user/zedongpeng/workspace/Vitis-HLS-Introductory-Examples-flatten/interface_array 
WARNING: [HLS 200-1998] cannot find relative file path '../../data/stimulus_07.res' in directory(s): /home/user/zedongpeng/workspace/Vitis-HLS-Introductory-Examples-flatten/interface_array/proj_intf_array/solution /home/user/zedongpeng/workspace/Vitis-HLS-Introductory-Examples-flatten/interface_array
Execute       send_msg_by_id WARNING @200-1998@%s%s ../../data/stimulus_08.res /home/user/zedongpeng/workspace/Vitis-HLS-Introductory-Examples-flatten/interface_array/proj_intf_array/solution /home/user/zedongpeng/workspace/Vitis-HLS-Introductory-Examples-flatten/interface_array 
WARNING: [HLS 200-1998] cannot find relative file path '../../data/stimulus_08.res' in directory(s): /home/user/zedongpeng/workspace/Vitis-HLS-Introductory-Examples-flatten/interface_array/proj_intf_array/solution /home/user/zedongpeng/workspace/Vitis-HLS-Introductory-Examples-flatten/interface_array
Execute       send_msg_by_id WARNING @200-1998@%s%s ../../data/stimulus_09.res /home/user/zedongpeng/workspace/Vitis-HLS-Introductory-Examples-flatten/interface_array/proj_intf_array/solution /home/user/zedongpeng/workspace/Vitis-HLS-Introductory-Examples-flatten/interface_array 
WARNING: [HLS 200-1998] cannot find relative file path '../../data/stimulus_09.res' in directory(s): /home/user/zedongpeng/workspace/Vitis-HLS-Introductory-Examples-flatten/interface_array/proj_intf_array/solution /home/user/zedongpeng/workspace/Vitis-HLS-Introductory-Examples-flatten/interface_array
Execute       send_msg_by_id WARNING @200-1998@%s%s ../../data/stimulus_10.res /home/user/zedongpeng/workspace/Vitis-HLS-Introductory-Examples-flatten/interface_array/proj_intf_array/solution /home/user/zedongpeng/workspace/Vitis-HLS-Introductory-Examples-flatten/interface_array 
WARNING: [HLS 200-1998] cannot find relative file path '../../data/stimulus_10.res' in directory(s): /home/user/zedongpeng/workspace/Vitis-HLS-Introductory-Examples-flatten/interface_array/proj_intf_array/solution /home/user/zedongpeng/workspace/Vitis-HLS-Introductory-Examples-flatten/interface_array
Execute       send_msg_by_id WARNING @200-1998@%s%s ../../data/stimulus_11.res /home/user/zedongpeng/workspace/Vitis-HLS-Introductory-Examples-flatten/interface_array/proj_intf_array/solution /home/user/zedongpeng/workspace/Vitis-HLS-Introductory-Examples-flatten/interface_array 
WARNING: [HLS 200-1998] cannot find relative file path '../../data/stimulus_11.res' in directory(s): /home/user/zedongpeng/workspace/Vitis-HLS-Introductory-Examples-flatten/interface_array/proj_intf_array/solution /home/user/zedongpeng/workspace/Vitis-HLS-Introductory-Examples-flatten/interface_array
Execute       send_msg_by_id WARNING @200-1998@%s%s ../../data/stimulus_12.res /home/user/zedongpeng/workspace/Vitis-HLS-Introductory-Examples-flatten/interface_array/proj_intf_array/solution /home/user/zedongpeng/workspace/Vitis-HLS-Introductory-Examples-flatten/interface_array 
WARNING: [HLS 200-1998] cannot find relative file path '../../data/stimulus_12.res' in directory(s): /home/user/zedongpeng/workspace/Vitis-HLS-Introductory-Examples-flatten/interface_array/proj_intf_array/solution /home/user/zedongpeng/workspace/Vitis-HLS-Introductory-Examples-flatten/interface_array
Execute       send_msg_by_id WARNING @200-1998@%s%s ../../data/stimulus_13.res /home/user/zedongpeng/workspace/Vitis-HLS-Introductory-Examples-flatten/interface_array/proj_intf_array/solution /home/user/zedongpeng/workspace/Vitis-HLS-Introductory-Examples-flatten/interface_array 
WARNING: [HLS 200-1998] cannot find relative file path '../../data/stimulus_13.res' in directory(s): /home/user/zedongpeng/workspace/Vitis-HLS-Introductory-Examples-flatten/interface_array/proj_intf_array/solution /home/user/zedongpeng/workspace/Vitis-HLS-Introductory-Examples-flatten/interface_array
Execute       send_msg_by_id WARNING @200-1998@%s%s ../../data/stimulus_14.res /home/user/zedongpeng/workspace/Vitis-HLS-Introductory-Examples-flatten/interface_array/proj_intf_array/solution /home/user/zedongpeng/workspace/Vitis-HLS-Introductory-Examples-flatten/interface_array 
WARNING: [HLS 200-1998] cannot find relative file path '../../data/stimulus_14.res' in directory(s): /home/user/zedongpeng/workspace/Vitis-HLS-Introductory-Examples-flatten/interface_array/proj_intf_array/solution /home/user/zedongpeng/workspace/Vitis-HLS-Introductory-Examples-flatten/interface_array
Execute       send_msg_by_id WARNING @200-1998@%s%s ../../data/stimulus_15.res /home/user/zedongpeng/workspace/Vitis-HLS-Introductory-Examples-flatten/interface_array/proj_intf_array/solution /home/user/zedongpeng/workspace/Vitis-HLS-Introductory-Examples-flatten/interface_array 
WARNING: [HLS 200-1998] cannot find relative file path '../../data/stimulus_15.res' in directory(s): /home/user/zedongpeng/workspace/Vitis-HLS-Introductory-Examples-flatten/interface_array/proj_intf_array/solution /home/user/zedongpeng/workspace/Vitis-HLS-Introductory-Examples-flatten/interface_array
Execute       send_msg_by_id WARNING @200-1998@%s%s ../../data/stimulus_16.res /home/user/zedongpeng/workspace/Vitis-HLS-Introductory-Examples-flatten/interface_array/proj_intf_array/solution /home/user/zedongpeng/workspace/Vitis-HLS-Introductory-Examples-flatten/interface_array 
WARNING: [HLS 200-1998] cannot find relative file path '../../data/stimulus_16.res' in directory(s): /home/user/zedongpeng/workspace/Vitis-HLS-Introductory-Examples-flatten/interface_array/proj_intf_array/solution /home/user/zedongpeng/workspace/Vitis-HLS-Introductory-Examples-flatten/interface_array
Execute       send_msg_by_id WARNING @200-1998@%s%s ../../data/stimulus_17.res /home/user/zedongpeng/workspace/Vitis-HLS-Introductory-Examples-flatten/interface_array/proj_intf_array/solution /home/user/zedongpeng/workspace/Vitis-HLS-Introductory-Examples-flatten/interface_array 
WARNING: [HLS 200-1998] cannot find relative file path '../../data/stimulus_17.res' in directory(s): /home/user/zedongpeng/workspace/Vitis-HLS-Introductory-Examples-flatten/interface_array/proj_intf_array/solution /home/user/zedongpeng/workspace/Vitis-HLS-Introductory-Examples-flatten/interface_array
Execute       send_msg_by_id WARNING @200-1998@%s%s ../../data/stimulus_18.res /home/user/zedongpeng/workspace/Vitis-HLS-Introductory-Examples-flatten/interface_array/proj_intf_array/solution /home/user/zedongpeng/workspace/Vitis-HLS-Introductory-Examples-flatten/interface_array 
WARNING: [HLS 200-1998] cannot find relative file path '../../data/stimulus_18.res' in directory(s): /home/user/zedongpeng/workspace/Vitis-HLS-Introductory-Examples-flatten/interface_array/proj_intf_array/solution /home/user/zedongpeng/workspace/Vitis-HLS-Introductory-Examples-flatten/interface_array
Execute       send_msg_by_id WARNING @200-1998@%s%s ../../data/stimulus_19.res /home/user/zedongpeng/workspace/Vitis-HLS-Introductory-Examples-flatten/interface_array/proj_intf_array/solution /home/user/zedongpeng/workspace/Vitis-HLS-Introductory-Examples-flatten/interface_array 
WARNING: [HLS 200-1998] cannot find relative file path '../../data/stimulus_19.res' in directory(s): /home/user/zedongpeng/workspace/Vitis-HLS-Introductory-Examples-flatten/interface_array/proj_intf_array/solution /home/user/zedongpeng/workspace/Vitis-HLS-Introductory-Examples-flatten/interface_array
INFO: [SIM 211-2] *************** CSIM start ***************
INFO: [SIM 211-4] CSIM will launch GCC as the compiler.
Execute       send_msg_by_id ERROR @200-627@ 
ERROR: [HLS 200-627] Cannot find C test bench. Please specify test bench files using 'add_files -tb'.
ERROR: [SIM 211-100] CSim failed with errors.
INFO: [SIM 211-3] *************** CSIM finish ***************
INFO-FLOW: AESL_CSIM::csim_cmd_wrap errorInfo:
4
    while executing
"::AESL_CSIM::csim_cmd_wrap $args"
INFO-FLOW: Caught error in csim_design: 4
    while executing
"ap_internal_csim_design "
Command     csim_design done; error code: 2; 0.19 sec.
INFO: [HLS 200-111] Finished Command csim_design CPU user time: 0.09 seconds. CPU system time: 0.02 seconds. Elapsed time: 0.19 seconds; current allocated memory: 0.234 MB.
Command   ap_source done; error code: 1; 1.13 sec.
Execute   cleanup_all 
